2025-04-18 14:51:52,999 [INFO] Activator:176 - 


2025-04-18 14:51:53,004 [INFO] Activator:177 - !SESSION log4j initialized
2025-04-18 14:52:02,302 [INFO] LogOutputStream:77 - [STDOUT_REDIRECT] 
2025-04-18 14:52:08,833 [INFO] ApplicationProperties:184 - Using Application install path: C:\ST\STM32CubeIDE_1.17.0\STM32CubeIDE\plugins\com.st.stm32cube.common.mx_6.13.0.202411220809
2025-04-18 14:52:08,845 [INFO] DbMcusXml:78 - Set database path to: C:\ST\STM32CubeIDE_1.17.0\STM32CubeIDE\plugins\com.st.stm32cube.common.mx_6.13.0.202411220809\\db\/mcu/
2025-04-18 14:52:08,846 [INFO] ApiDb:274 - Set plugin database path to: C:\ST\STM32CubeIDE_1.17.0\STM32CubeIDE\plugins\com.st.stm32cube.common.mx_6.13.0.202411220809\\db\/plugins/boardmanager/
2025-04-18 14:52:08,846 [WARN] ApiDb:259 - Overriding images path with different value:  => C:\ST\STM32CubeIDE_1.17.0\STM32CubeIDE\plugins\com.st.stm32cube.common.mx_6.13.0.202411220809\\db\/plugins/mcufinder/images/
2025-04-18 14:52:08,857 [INFO] ApiDb:250 - Set database path to: C:\Users\roche\.stmcufinder\plugins\mcufinder//mcu/
2025-04-18 14:52:08,858 [INFO] DbMcusAds:125 - Set database path to: C:\Users\roche\.stmcufinder\plugins\mcufinder//mcu/
2025-04-18 14:52:08,861 [INFO] CrossReferenceDbSqlite:203 - Set database path to: C:\Users\roche\.stmcufinder\plugins\mcufinder//mcu/cs/
2025-04-18 14:52:08,959 [INFO] DbMcusXml:78 - Set database path to: C:\ST\STM32CubeIDE_1.17.0\STM32CubeIDE\plugins\com.st.stm32cube.common.mx_6.13.0.202411220809\\db\/mcu/
2025-04-18 14:52:08,960 [INFO] ApiDb:274 - Set plugin database path to: C:\ST\STM32CubeIDE_1.17.0\STM32CubeIDE\plugins\com.st.stm32cube.common.mx_6.13.0.202411220809\\db\/plugins/boardmanager/
2025-04-18 14:52:08,960 [INFO] ApiDb:261 - Set plugin images path to: C:\ST\STM32CubeIDE_1.17.0\STM32CubeIDE\plugins\com.st.stm32cube.common.mx_6.13.0.202411220809\\db\/plugins/mcufinder/images/
2025-04-18 14:52:08,960 [WARN] DbFile:41 - Overriding database path with different value: C:\Users\roche\.stmcufinder\plugins\mcufinder/ => C:\Users\roche\.stmcufinder\plugins\mcufinder
2025-04-18 14:52:08,960 [INFO] ApiDb:250 - Set database path to: C:\Users\roche\.stmcufinder\plugins\mcufinder//mcu/
2025-04-18 14:52:08,960 [WARN] DbFile:41 - Overriding database path with different value: C:\Users\roche\.stmcufinder\plugins\mcufinder/ => C:\Users\roche\.stmcufinder\plugins\mcufinder
2025-04-18 14:52:08,960 [INFO] DbMcusAds:125 - Set database path to: C:\Users\roche\.stmcufinder\plugins\mcufinder//mcu/
2025-04-18 14:52:08,960 [WARN] DbFile:41 - Overriding database path with different value: C:\Users\roche\.stmcufinder\plugins\mcufinder/ => C:\Users\roche\.stmcufinder\plugins\mcufinder
2025-04-18 14:52:08,961 [WARN] DbFile:41 - Overriding database path with different value: C:\Users\roche\.stmcufinder\plugins\mcufinder/ => C:\Users\roche\.stmcufinder\plugins\mcufinder
2025-04-18 14:52:08,961 [INFO] CrossReferenceDbSqlite:203 - Set database path to: C:\Users\roche\.stmcufinder\plugins\mcufinder//mcu/cs/
2025-04-18 14:52:09,109 [INFO] MainPanel:272 - HeapMemory: 268435456
2025-04-18 14:52:09,259 [INFO] DbMcusXml:78 - Set database path to: C:\ST\STM32CubeIDE_1.17.0\STM32CubeIDE\plugins\com.st.stm32cube.common.mx_6.13.0.202411220809\\db\/mcu/
2025-04-18 14:52:09,259 [INFO] ApiDb:274 - Set plugin database path to: C:\ST\STM32CubeIDE_1.17.0\STM32CubeIDE\plugins\com.st.stm32cube.common.mx_6.13.0.202411220809\\db\/plugins/boardmanager/
2025-04-18 14:52:09,260 [INFO] ApiDb:261 - Set plugin images path to: C:\ST\STM32CubeIDE_1.17.0\STM32CubeIDE\plugins\com.st.stm32cube.common.mx_6.13.0.202411220809\\db\/plugins/mcufinder/images/
2025-04-18 14:52:09,260 [WARN] DbFile:41 - Overriding database path with different value: C:\Users\roche\.stmcufinder\plugins\mcufinder/ => C:\Users\roche\.stmcufinder\plugins\mcufinder
2025-04-18 14:52:09,260 [INFO] ApiDb:250 - Set database path to: C:\Users\roche\.stmcufinder\plugins\mcufinder//mcu/
2025-04-18 14:52:09,260 [WARN] DbFile:41 - Overriding database path with different value: C:\Users\roche\.stmcufinder\plugins\mcufinder/ => C:\Users\roche\.stmcufinder\plugins\mcufinder
2025-04-18 14:52:09,260 [INFO] DbMcusAds:125 - Set database path to: C:\Users\roche\.stmcufinder\plugins\mcufinder//mcu/
2025-04-18 14:52:09,260 [WARN] DbFile:41 - Overriding database path with different value: C:\Users\roche\.stmcufinder\plugins\mcufinder/ => C:\Users\roche\.stmcufinder\plugins\mcufinder
2025-04-18 14:52:09,261 [WARN] DbFile:41 - Overriding database path with different value: C:\Users\roche\.stmcufinder\plugins\mcufinder/ => C:\Users\roche\.stmcufinder\plugins\mcufinder
2025-04-18 14:52:09,261 [INFO] CrossReferenceDbSqlite:203 - Set database path to: C:\Users\roche\.stmcufinder\plugins\mcufinder//mcu/cs/
2025-04-18 14:52:09,280 [INFO] ApplicationProperties:184 - Using Application install path: C:\ST\STM32CubeIDE_1.17.0\STM32CubeIDE\plugins\com.st.stm32cube.common.mx_6.13.0.202411220809
2025-04-18 14:52:09,282 [INFO] PluginManage:196 - Search for loadable plugins [exclusion list=, ]
2025-04-18 14:52:09,284 [INFO] PluginManage:310 - Check plugin analytics
2025-04-18 14:52:14,458 [INFO] AnalyticsPlugin:253 - Accepted Software Licenses: 
2025-04-18 14:52:14,458 [INFO] AnalyticsPlugin:255 - Accepted CMSIS Pack Licenses: STMicroelectronics.X-CUBE-TOUCHGFX.4.25.0
2025-04-18 14:52:14,458 [INFO] AnalyticsPlugin:257 - Accepted Firmware Licenses: FW.F4.1.28.0
2025-04-18 14:52:14,462 [INFO] PluginManage:359 - Loaded plugin analytics (category:tool,tabindex:-1)
2025-04-18 14:52:14,463 [INFO] PluginManage:310 - Check plugin cadmodel
2025-04-18 14:52:14,483 [INFO] CADModel:105 - Init CAD model plugin
2025-04-18 14:52:14,483 [INFO] PluginManage:359 - Loaded plugin cadmodel (category:power,tabindex:5)
2025-04-18 14:52:14,483 [INFO] PluginManage:310 - Check plugin clock
2025-04-18 14:52:14,505 [INFO] PluginManage:359 - Loaded plugin clock (category:base,tabindex:2)
2025-04-18 14:52:14,505 [INFO] PluginManage:310 - Check plugin ddr
2025-04-18 14:52:14,508 [INFO] PluginManage:359 - Loaded plugin ddr (category:tool,tabindex:6)
2025-04-18 14:52:14,508 [INFO] PluginManage:310 - Check plugin filemanager
2025-04-18 14:52:14,709 [INFO] PluginManage:359 - Loaded plugin filemanager (category:base,tabindex:10)
2025-04-18 14:52:14,709 [INFO] PluginManage:310 - Check plugin ipmanager
2025-04-18 14:52:14,719 [INFO] PluginManage:359 - Loaded plugin ipmanager (category:base,tabindex:5)
2025-04-18 14:52:14,719 [INFO] PluginManage:310 - Check plugin lpbam
2025-04-18 14:52:14,751 [INFO] PluginManage:359 - Loaded plugin lpbam (category:base,tabindex:0)
2025-04-18 14:52:14,752 [INFO] PluginManage:310 - Check plugin memorymap
2025-04-18 14:52:14,791 [INFO] PluginManage:359 - Loaded plugin memorymap (category:base,tabindex:4)
2025-04-18 14:52:14,792 [INFO] PluginManage:310 - Check plugin pinoutandconfiguration
2025-04-18 14:52:14,820 [INFO] PluginManage:359 - Loaded plugin pinoutandconfiguration (category:base,tabindex:1)
2025-04-18 14:52:14,820 [INFO] PluginManage:310 - Check plugin pinoutconfig
2025-04-18 14:52:14,963 [WARN] SupportedApi:132 - Cannot load RTOS API schema: s4s-elt-must-match.1: The content of 'definitions' must match (annotation?, (simpleType | complexType)?, (unique | key | keyref)*)). A problem was found starting at: attribute.
2025-04-18 14:52:15,123 [INFO] PluginManage:359 - Loaded plugin pinoutconfig (category:base,tabindex:0)
2025-04-18 14:52:15,123 [INFO] PluginManage:310 - Check plugin power
2025-04-18 14:52:15,149 [INFO] PluginManage:359 - Loaded plugin power (category:power,tabindex:4)
2025-04-18 14:52:15,149 [INFO] PluginManage:310 - Check plugin projectmanager
2025-04-18 14:52:15,169 [INFO] PluginManage:359 - Loaded plugin projectmanager (category:projectmanager,tabindex:4)
2025-04-18 14:52:15,169 [INFO] PluginManage:310 - Check plugin rif
2025-04-18 14:52:15,190 [INFO] PluginManage:359 - Loaded plugin rif (category:base,tabindex:3)
2025-04-18 14:52:15,190 [INFO] PluginManage:310 - Check plugin thirdparty
2025-04-18 14:52:15,549 [WARN] IntegrityCheckThread:84 - waiting for thirdparty lock release [integrity check]
2025-04-18 14:52:15,550 [INFO] PluginManage:359 - Loaded plugin thirdparty (category:base,tabindex:-1)
2025-04-18 14:52:15,550 [INFO] IntegrityCheckThread:86 - entering critical section [integrity check]
2025-04-18 14:52:15,550 [INFO] PluginManage:310 - Check plugin tools
2025-04-18 14:52:15,550 [INFO] ThirdPartyUpdaterWithRetryManager:70 - Updater plugin not ready yet. [1/15]
2025-04-18 14:52:15,605 [INFO] PluginManage:359 - Loaded plugin tools (category:base,tabindex:7)
2025-04-18 14:52:15,605 [INFO] PluginManage:310 - Check plugin tutovideos
2025-04-18 14:52:15,818 [INFO] PluginManage:359 - Loaded plugin tutovideos (category:base,tabindex:-1)
2025-04-18 14:52:15,819 [INFO] PluginManage:310 - Check plugin updater
2025-04-18 14:52:15,842 [INFO] PluginManage:359 - Loaded plugin updater (category:base,tabindex:12)
2025-04-18 14:52:15,842 [INFO] PluginManage:310 - Check plugin userauth
2025-04-18 14:52:15,848 [INFO] UserAuth:118 - Init User Auth plugin
2025-04-18 14:52:15,849 [INFO] PluginManage:359 - Loaded plugin userauth (category:base,tabindex:14)
2025-04-18 14:52:15,850 [INFO] PluginManage:283 - PluginManage : Loaded plugins [18]
2025-04-18 14:52:16,102 [INFO] PinOutPanel:1589 - setPackage(No Configuration,No Configuration)
2025-04-18 14:52:16,234 [INFO] CADModel:165 - CPN selected for project level
2025-04-18 14:52:16,234 [INFO] CADModel:114 - Register for checkConnection events
2025-04-18 14:52:16,277 [INFO] IPUIPlugin:80 - create IPUIPlugin
2025-04-18 14:52:16,277 [INFO] PluginManager:220 - loadIPPluginJar : add adc
2025-04-18 14:52:16,352 [INFO] IPUIPlugin:80 - create IPUIPlugin
2025-04-18 14:52:16,353 [INFO] PluginManager:220 - loadIPPluginJar : add aes
2025-04-18 14:52:16,449 [INFO] IPUIPlugin:80 - create IPUIPlugin
2025-04-18 14:52:16,450 [INFO] PluginManager:220 - loadIPPluginJar : add can
2025-04-18 14:52:16,488 [INFO] IPUIPlugin:80 - create IPUIPlugin
2025-04-18 14:52:16,488 [INFO] PluginManager:220 - loadIPPluginJar : add comp
2025-04-18 14:52:16,539 [INFO] IPUIPlugin:80 - create IPUIPlugin
2025-04-18 14:52:16,539 [INFO] PluginManager:220 - loadIPPluginJar : add cryp
2025-04-18 14:52:16,556 [INFO] IPUIPlugin:80 - create IPUIPlugin
2025-04-18 14:52:16,556 [INFO] PluginManager:220 - loadIPPluginJar : add ddr_ctrl_phy
2025-04-18 14:52:16,600 [INFO] IPUIPlugin:80 - create IPUIPlugin
2025-04-18 14:52:16,600 [INFO] PluginManager:220 - loadIPPluginJar : add dfsdm
2025-04-18 14:52:16,617 [INFO] IPUIPlugin:80 - create IPUIPlugin
2025-04-18 14:52:16,617 [INFO] PluginManager:220 - loadIPPluginJar : add dma
2025-04-18 14:52:16,678 [INFO] IPUIPlugin:80 - create IPUIPlugin
2025-04-18 14:52:16,678 [INFO] PluginManager:220 - loadIPPluginJar : add dma3
2025-04-18 14:52:16,753 [INFO] IPUIPlugin:80 - create IPUIPlugin
2025-04-18 14:52:16,753 [INFO] PluginManager:220 - loadIPPluginJar : add extmemmanager
2025-04-18 14:52:16,793 [INFO] IPUIPlugin:80 - create IPUIPlugin
2025-04-18 14:52:16,793 [INFO] PluginManager:220 - loadIPPluginJar : add fatfs
2025-04-18 14:52:16,876 [INFO] IPUIPlugin:80 - create IPUIPlugin
2025-04-18 14:52:16,876 [INFO] PluginManager:220 - loadIPPluginJar : add fmc
2025-04-18 14:52:16,898 [INFO] IPUIPlugin:80 - create IPUIPlugin
2025-04-18 14:52:16,898 [INFO] PluginManager:220 - loadIPPluginJar : add freertos
2025-04-18 14:52:16,937 [INFO] IPUIPlugin:80 - create IPUIPlugin
2025-04-18 14:52:16,937 [INFO] PluginManager:220 - loadIPPluginJar : add genericplugin
2025-04-18 14:52:17,083 [INFO] IPUIPlugin:80 - create IPUIPlugin
2025-04-18 14:52:17,083 [INFO] PluginManager:220 - loadIPPluginJar : add gfxmmu
2025-04-18 14:52:17,285 [INFO] IPUIPlugin:80 - create IPUIPlugin
2025-04-18 14:52:17,285 [INFO] PluginManager:220 - loadIPPluginJar : add gic
2025-04-18 14:52:17,302 [INFO] IPUIPlugin:80 - create IPUIPlugin
2025-04-18 14:52:17,302 [INFO] PluginManager:220 - loadIPPluginJar : add gpio
2025-04-18 14:52:17,432 [INFO] IPUIPlugin:80 - create IPUIPlugin
2025-04-18 14:52:17,432 [INFO] PluginManager:220 - loadIPPluginJar : add gtzc
2025-04-18 14:52:17,484 [INFO] IPUIPlugin:80 - create IPUIPlugin
2025-04-18 14:52:17,485 [INFO] PluginManager:220 - loadIPPluginJar : add hash
2025-04-18 14:52:17,563 [INFO] IPUIPlugin:80 - create IPUIPlugin
2025-04-18 14:52:17,563 [INFO] PluginManager:220 - loadIPPluginJar : add i2c
2025-04-18 14:52:17,620 [INFO] IPUIPlugin:80 - create IPUIPlugin
2025-04-18 14:52:17,620 [INFO] PluginManager:220 - loadIPPluginJar : add i2s
2025-04-18 14:52:17,683 [INFO] IPUIPlugin:80 - create IPUIPlugin
2025-04-18 14:52:17,683 [INFO] PluginManager:220 - loadIPPluginJar : add i3c
2025-04-18 14:52:17,848 [INFO] IPUIPlugin:80 - create IPUIPlugin
2025-04-18 14:52:17,848 [INFO] PluginManager:220 - loadIPPluginJar : add ipddr
2025-04-18 14:52:18,056 [INFO] IPUIPlugin:80 - create IPUIPlugin
2025-04-18 14:52:18,056 [INFO] PluginManager:220 - loadIPPluginJar : add linkedlist
2025-04-18 14:52:18,134 [INFO] IPUIPlugin:80 - create IPUIPlugin
2025-04-18 14:52:18,134 [INFO] PluginManager:220 - loadIPPluginJar : add lorawan
2025-04-18 14:52:18,192 [INFO] IPUIPlugin:80 - create IPUIPlugin
2025-04-18 14:52:18,192 [INFO] PluginManager:220 - loadIPPluginJar : add ltdc
2025-04-18 14:52:18,209 [INFO] IPUIPlugin:80 - create IPUIPlugin
2025-04-18 14:52:18,209 [INFO] PluginManager:220 - loadIPPluginJar : add mdma
2025-04-18 14:52:18,225 [INFO] IPUIPlugin:80 - create IPUIPlugin
2025-04-18 14:52:18,225 [INFO] PluginManager:220 - loadIPPluginJar : add nvic
2025-04-18 14:52:18,285 [INFO] IPUIPlugin:80 - create IPUIPlugin
2025-04-18 14:52:18,285 [INFO] PluginManager:220 - loadIPPluginJar : add opamp
2025-04-18 14:52:18,391 [INFO] IPUIPlugin:80 - create IPUIPlugin
2025-04-18 14:52:18,391 [INFO] PluginManager:220 - loadIPPluginJar : add openamp
2025-04-18 14:52:18,469 [INFO] IPUIPlugin:80 - create IPUIPlugin
2025-04-18 14:52:18,469 [INFO] PluginManager:220 - loadIPPluginJar : add pdm2pcm
2025-04-18 14:52:18,492 [INFO] IPUIPlugin:80 - create IPUIPlugin
2025-04-18 14:52:18,495 [INFO] PluginManager:220 - loadIPPluginJar : add plateformsettings
2025-04-18 14:52:18,533 [INFO] IPUIPlugin:80 - create IPUIPlugin
2025-04-18 14:52:18,533 [INFO] PluginManager:220 - loadIPPluginJar : add quadspi
2025-04-18 14:52:18,552 [INFO] ThirdPartyUpdaterWithRetryManager:70 - Updater plugin not ready yet. [2/15]
2025-04-18 14:52:18,575 [INFO] IPUIPlugin:80 - create IPUIPlugin
2025-04-18 14:52:18,576 [INFO] PluginManager:220 - loadIPPluginJar : add radio
2025-04-18 14:52:18,593 [INFO] IPUIPlugin:80 - create IPUIPlugin
2025-04-18 14:52:18,593 [INFO] PluginManager:220 - loadIPPluginJar : add resmgrutility
2025-04-18 14:52:18,669 [INFO] IPUIPlugin:80 - create IPUIPlugin
2025-04-18 14:52:18,669 [INFO] PluginManager:220 - loadIPPluginJar : add sai
2025-04-18 14:52:18,729 [INFO] IPUIPlugin:80 - create IPUIPlugin
2025-04-18 14:52:18,729 [INFO] PluginManager:220 - loadIPPluginJar : add spi
2025-04-18 14:52:18,828 [INFO] IPUIPlugin:80 - create IPUIPlugin
2025-04-18 14:52:18,828 [INFO] PluginManager:220 - loadIPPluginJar : add stm32_wpan
2025-04-18 14:52:18,869 [INFO] IPUIPlugin:80 - create IPUIPlugin
2025-04-18 14:52:18,869 [INFO] PluginManager:220 - loadIPPluginJar : add tim
2025-04-18 14:52:18,966 [INFO] IPUIPlugin:80 - create IPUIPlugin
2025-04-18 14:52:18,966 [INFO] PluginManager:220 - loadIPPluginJar : add touchsensing
2025-04-18 14:52:18,998 [INFO] IPUIPlugin:80 - create IPUIPlugin
2025-04-18 14:52:18,998 [INFO] PluginManager:220 - loadIPPluginJar : add tracer_emb
2025-04-18 14:52:19,034 [INFO] IPUIPlugin:80 - create IPUIPlugin
2025-04-18 14:52:19,034 [INFO] PluginManager:220 - loadIPPluginJar : add ts
2025-04-18 14:52:19,067 [INFO] IPUIPlugin:80 - create IPUIPlugin
2025-04-18 14:52:19,067 [INFO] PluginManager:220 - loadIPPluginJar : add tsc
2025-04-18 14:52:19,103 [INFO] IPUIPlugin:80 - create IPUIPlugin
2025-04-18 14:52:19,103 [INFO] PluginManager:220 - loadIPPluginJar : add ucpd
2025-04-18 14:52:19,170 [INFO] IPUIPlugin:80 - create IPUIPlugin
2025-04-18 14:52:19,170 [INFO] PluginManager:220 - loadIPPluginJar : add usart
2025-04-18 14:52:19,236 [INFO] IPUIPlugin:80 - create IPUIPlugin
2025-04-18 14:52:19,236 [INFO] PluginManager:220 - loadIPPluginJar : add usbx
2025-04-18 14:52:19,399 [FATAL] Updater:351 - Updater called before beeing initialized
2025-04-18 14:52:19,490 [INFO] RulesReader:64 - Compatibility file has been processed (297 Rules)
2025-04-18 14:52:19,511 [INFO] RulesReader:64 - Compatibility file has been processed (297 Rules)
2025-04-18 14:52:19,519 [INFO] CADModel:165 - CPN selected for project level
2025-04-18 14:52:19,521 [INFO] CADModel:114 - Register for checkConnection events
2025-04-18 14:52:19,521 [FATAL] Updater:351 - Updater called before beeing initialized
2025-04-18 14:52:19,521 [ERROR] CADModel:125 - Updater not yet initialized, retry later 
2025-04-18 14:52:19,699 [FATAL] Updater:351 - Updater called before beeing initialized
2025-04-18 14:52:19,702 [INFO] CADModel:165 - CPN selected for project level
2025-04-18 14:52:19,702 [INFO] CADModel:114 - Register for checkConnection events
2025-04-18 14:52:19,702 [FATAL] Updater:351 - Updater called before beeing initialized
2025-04-18 14:52:19,702 [ERROR] CADModel:125 - Updater not yet initialized, retry later 
2025-04-18 14:52:19,706 [FATAL] Updater:351 - Updater called before beeing initialized
2025-04-18 14:52:19,858 [FATAL] Updater:351 - Updater called before beeing initialized
2025-04-18 14:52:19,875 [INFO] DbMcusAds:53 - JSON generation date=Thu Mar 06 15:54:21 CET 2025 (1741272861825)
2025-04-18 14:52:19,875 [FATAL] Updater:351 - Updater called before beeing initialized
2025-04-18 14:52:19,929 [WARN] DetailPanel:346 - Failed to get advertising image, set to default
2025-04-18 14:52:20,372 [FATAL] Updater:351 - Updater called before beeing initialized
2025-04-18 14:52:20,375 [FATAL] Updater:351 - Updater called before beeing initialized
2025-04-18 14:52:20,375 [FATAL] Updater:351 - Updater called before beeing initialized
2025-04-18 14:52:20,375 [WARN] DetailPanel:346 - Failed to get advertising image, set to default
2025-04-18 14:52:20,378 [FATAL] Updater:351 - Updater called before beeing initialized
2025-04-18 14:52:20,500 [ERROR] Updater:1198 - MainUpdater not yet initialized. External WinMGr cannot be set.
2025-04-18 14:52:20,524 [INFO] Updater:1134 - Updater Version found : 6.13.0
2025-04-18 14:52:20,551 [INFO] ApplicationProperties:184 - Using Application install path: C:\ST\STM32CubeIDE_1.17.0\STM32CubeIDE\plugins\com.st.stm32cube.common.mx_6.13.0.202411220809
2025-04-18 14:52:21,553 [INFO] ThirdPartyUpdaterWithRetryManager:70 - Updater plugin not ready yet. [3/15]
2025-04-18 14:52:22,148 [ERROR] LogOutputStream:75 - [STDERR_REDIRECT] Apr 18, 2025 2:52:22 PM java.util.prefs.WindowsPreferences <init>
2025-04-18 14:52:22,150 [ERROR] LogOutputStream:75 - [STDERR_REDIRECT] WARNING: Could not open/create prefs root node Software\JavaSoft\Prefs at root 0xffffffff80000002. Windows RegCreateKeyEx(...) returned error code 5.
2025-04-18 14:52:22,150 [ERROR] LogOutputStream:75 - [STDERR_REDIRECT] 
2025-04-18 14:52:22,571 [INFO] MainUpdater:2872 - connection check result : 10
2025-04-18 14:52:22,572 [INFO] MainUpdater:3566 - Updater definition file requires update
2025-04-18 14:52:22,573 [INFO] MainUpdater:289 - Updater Check For Update Now.
2025-04-18 14:52:22,573 [INFO] MicroXplorer:498 - Change Database Version : DB.6.0.130
2025-04-18 14:52:22,606 [INFO] McuFinderGlobals:63 - Set McuFinder mode to 2 (CubeIDE integrated)
2025-04-18 14:52:22,606 [INFO] UserAuth:171 - activating auth plugin
2025-04-18 14:52:22,610 [INFO] UserAuth:486 - Internet connection configuration mode: 1
2025-04-18 14:52:22,645 [INFO] ServerAccessManage:473 - Download File updaters.zip
2025-04-18 14:52:22,656 [INFO] JxBrowserEngine:152 - Initiate JxBrowser Engine with user profile folder
2025-04-18 14:52:22,776 [INFO] FileExtend:240 - Unzip File : updaters.zip
2025-04-18 14:52:22,776 [INFO] FileExtend:255 - Standard Zip Deflate
2025-04-18 14:52:24,202 [INFO] ServerAccessManage:473 - Download File PacksControlFlags.xml
2025-04-18 14:52:24,512 [INFO] ServerAccessManage:473 - Download File cubemx.pidx
2025-04-18 14:52:24,555 [WARN] MainUpdater:1193 - Updater busy. Cannot search thirdparties
2025-04-18 14:52:24,555 [INFO] ThirdPartyUpdaterWithRetryManager:96 - Updater plugin is busy. [1/15]
2025-04-18 14:52:27,031 [INFO] ServerAccessManage:473 - Download File STMicroelectronics.X-CUBE-MEMS1.pdsc
2025-04-18 14:52:27,557 [WARN] MainUpdater:1193 - Updater busy. Cannot search thirdparties
2025-04-18 14:52:27,557 [INFO] ThirdPartyUpdaterWithRetryManager:96 - Updater plugin is busy. [2/15]
2025-04-18 14:52:28,569 [INFO] WebApp:168 - Instantiating new browser for Auth
2025-04-18 14:52:28,952 [INFO] ServerAccessManage:473 - Download File STMicroelectronics.X-CUBE-TOF1.pdsc
2025-04-18 14:52:29,662 [ERROR] ServerAccessManage:1089 - Problem, file not found on Server
2025-04-18 14:52:30,559 [WARN] MainUpdater:1193 - Updater busy. Cannot search thirdparties
2025-04-18 14:52:30,559 [INFO] ThirdPartyUpdaterWithRetryManager:96 - Updater plugin is busy. [3/15]
2025-04-18 14:52:31,113 [INFO] WebApp:449 - Apply proxy settings
2025-04-18 14:52:31,114 [INFO] WebApp:534 - Chromium requires no authentication
2025-04-18 14:52:31,152 [INFO] WebApp:477 - Direct internet connection detected
2025-04-18 14:52:31,251 [INFO] WebApp:880 - Register for checkConnection events
2025-04-18 14:52:31,251 [INFO] WebApp:449 - Apply proxy settings
2025-04-18 14:52:31,251 [INFO] WebApp:534 - Chromium requires no authentication
2025-04-18 14:52:31,252 [INFO] WebApp:477 - Direct internet connection detected
2025-04-18 14:52:31,744 [INFO] WebApp:187 - Connection restablished
2025-04-18 14:52:31,876 [INFO] WebApp:221 - Starting web application
2025-04-18 14:52:31,876 [INFO] WebApp:579 - Web application path used C:\ST\STM32CubeIDE_1.17.0\STM32CubeIDE\plugins\com.st.stm32cube.common.mx_6.13.0.202411220809\db\plugins\mcufinder\reactClient1\index.html
2025-04-18 14:52:31,914 [INFO] ServerAccessManage:473 - Download File Avnet-IotConnect.X-CUBE-IoTC-DA16k-PMOD.pdsc
2025-04-18 14:52:32,462 [INFO] CheckServerUpdateThread:120 - End of CheckServer Thread
2025-04-18 14:52:32,642 [WARN] PackLoader:240 - Cannot read IP mode file for STMicroelectronics.X-CUBE-MEMS1.11.2.0
2025-04-18 14:52:33,246 [WARN] PackLoader:240 - Cannot read IP mode file for STMicroelectronics.X-CUBE-TOF1.3.4.3
2025-04-18 14:52:33,309 [WARN] PackLoader:240 - Cannot read IP mode file for Avnet-IotConnect.X-CUBE-IoTC-DA16k-PMOD.1.0.0
2025-04-18 14:52:33,309 [INFO] PopulateThirdPartyThread:66 - Ending populate Thread
2025-04-18 14:52:33,313 [INFO] ThirdParty:1030 - CMSIS Pack Vendor :STMicroelectronics X-CUBE-TOF1 3.4.3
2025-04-18 14:52:33,313 [INFO] ThirdParty:1030 - CMSIS Pack Vendor :STMicroelectronics X-CUBE-MEMS1 11.2.0
2025-04-18 14:52:33,316 [INFO] ThirdParty:1030 - CMSIS Pack Vendor :Avnet-IotConnect X-CUBE-IoTC-DA16k-PMOD 1.0.0
2025-04-18 14:52:33,317 [INFO] LoadServerUpdatesThread:375 - End of LoadServerUpdate Thread
2025-04-18 14:52:34,214 [WARN] PackLoader:240 - Cannot read IP mode file for STMicroelectronics.FP-SNS-MOTENVWB1.1.4.0
2025-04-18 14:52:34,227 [WARN] PackLoader:240 - Cannot read IP mode file for STMicroelectronics.FP-ATR-ASTRA1.2.0.2
2025-04-18 14:52:34,269 [WARN] PackLoader:240 - Cannot read IP mode file for STMicroelectronics.FP-ATR-ASTRA1.2.0.1
2025-04-18 14:52:34,309 [WARN] PackLoader:240 - Cannot read IP mode file for STMicroelectronics.X-CUBE-SMBUS.2.1.0
2025-04-18 14:52:34,350 [WARN] PackLoader:240 - Cannot read IP mode file for STMicroelectronics.X-CUBE-WB05N.1.1.0
2025-04-18 14:52:34,425 [WARN] PackLoader:240 - Cannot read IP mode file for STMicroelectronics.X-CUBE-AZRTOS-F7.1.1.0
2025-04-18 14:52:34,568 [WARN] PackLoader:240 - Cannot read IP mode file for STMicroelectronics.X-CUBE-MEMS1.11.0.0
2025-04-18 14:52:34,979 [WARN] PackLoader:240 - Cannot read IP mode file for STMicroelectronics.FP-SNS-FLIGHT1.5.0.2
2025-04-18 14:52:35,056 [WARN] PackLoader:240 - Cannot read IP mode file for Infineon.AIROC-Wi-Fi-Bluetooth-STM32.1.7.0
2025-04-18 14:52:35,105 [WARN] PackLoader:240 - Cannot read IP mode file for STMicroelectronics.X-CUBE-DISPLAY.3.0.0
2025-04-18 14:52:35,145 [WARN] PackLoader:240 - Cannot read IP mode file for STMicroelectronics.X-CUBE-BLE1.7.0.0
2025-04-18 14:52:35,183 [WARN] PackLoader:240 - Cannot read IP mode file for STMicroelectronics.X-CUBE-NFC10.1.0.0
2025-04-18 14:52:35,236 [WARN] PackLoader:240 - Cannot read IP mode file for STMicroelectronics.X-CUBE-BLEMGR.4.0.0
2025-04-18 14:52:35,280 [WARN] PackLoader:240 - Cannot read IP mode file for emotas.I-CUBE-CANOPEN.1.3.0
2025-04-18 14:52:35,293 [WARN] ConditionMgr:438 - getConditionDescription Invalid condition id : Cortex-A Device cause : null
2025-04-18 14:52:35,349 [WARN] ConditionMgr:1044 - genDependencies : Invalid condition id : Cortex-A Device cause : null
2025-04-18 14:52:35,350 [WARN] ConditionMgr:1044 - genDependencies : Invalid condition id : Cortex-A Device cause : null
2025-04-18 14:52:35,350 [WARN] ConditionMgr:1044 - genDependencies : Invalid condition id : Cortex-A Device cause : null
2025-04-18 14:52:35,401 [WARN] PackLoader:240 - Cannot read IP mode file for STMicroelectronics.X-CUBE-BLEMGR.3.1.0
2025-04-18 14:52:35,446 [WARN] PackLoader:240 - Cannot read IP mode file for STMicroelectronics.X-CUBE-AI.10.0.0
2025-04-18 14:52:35,491 [WARN] PackLoader:240 - Cannot read IP mode file for STMicroelectronics.FP-SNS-SMARTAG2.1.2.0
2025-04-18 14:52:35,502 [WARN] PackLoader:240 - Cannot read IP mode file for STMicroelectronics.FP-SNS-FLIGHT1.5.1.0
2025-04-18 14:52:35,650 [WARN] PackLoader:240 - Cannot read IP mode file for STMicroelectronics.X-CUBE-MEMS1.11.1.0
2025-04-18 14:52:35,993 [INFO] LogOutputStream:77 - [STDOUT_REDIRECT] 1 : Invalid condition id : UX_CORESTACK_Condition cause : null
2025-04-18 14:52:35,994 [INFO] LogOutputStream:77 - [STDOUT_REDIRECT] 1 : Invalid condition id : UX_CORESTACK_Condition cause : null
2025-04-18 14:52:35,998 [INFO] LogOutputStream:77 - [STDOUT_REDIRECT] 1 : Invalid condition id : UX_CORESTACK_Condition cause : null
2025-04-18 14:52:36,001 [INFO] LogOutputStream:77 - [STDOUT_REDIRECT] 1 : Invalid condition id : UX_CORESTACK_Condition cause : null
2025-04-18 14:52:36,004 [INFO] LogOutputStream:77 - [STDOUT_REDIRECT] 1 : Invalid condition id : UX_CORESTACK_Condition cause : null
2025-04-18 14:52:36,011 [WARN] PackLoader:240 - Cannot read IP mode file for STMicroelectronics.X-CUBE-AZRTOS-WL.2.0.0
2025-04-18 14:52:36,050 [WARN] PackLoader:240 - Cannot read IP mode file for STMicroelectronics.FP-SNS-MOTENV1.5.0.0
2025-04-18 14:52:36,135 [WARN] PackLoader:240 - Cannot read IP mode file for wolfSSL.I-CUBE-wolfMQTT.1.19.0
2025-04-18 14:52:36,187 [WARN] PackLoader:240 - Cannot read IP mode file for WES.I-CUBE-Cesium.1.3.0
2025-04-18 14:52:36,225 [WARN] PackLoader:240 - Cannot read IP mode file for STMicroelectronics.X-CUBE-BLE2.3.3.0
2025-04-18 14:52:36,267 [WARN] PackLoader:240 - Cannot read IP mode file for STMicroelectronics.X-CUBE-NFC9.1.0.0
2025-04-18 14:52:36,314 [WARN] PackLoader:240 - Cannot read IP mode file for STMicroelectronics.X-CUBE-BLE1.7.1.0
2025-04-18 14:52:36,323 [WARN] PackLoader:240 - Cannot read IP mode file for wolfSSL.I-CUBE-wolfMQTT.1.19.2
2025-04-18 14:52:36,363 [WARN] PackLoader:240 - Cannot read IP mode file for STMicroelectronics.X-CUBE-TCPP.4.1.0
2025-04-18 14:52:36,476 [WARN] PackLoader:240 - Cannot read IP mode file for STMicroelectronics.X-CUBE-MEMS1.11.2.0
2025-04-18 14:52:36,854 [WARN] PackLoader:240 - Cannot read IP mode file for STMicroelectronics.X-CUBE-AZRTOS-G0.1.1.0
2025-04-18 14:52:36,895 [WARN] PackLoader:240 - Cannot read IP mode file for STMicroelectronics.X-CUBE-SAFEA1.1.2.2
2025-04-18 14:52:36,929 [WARN] PackLoader:240 - Cannot read IP mode file for STMicroelectronics.X-CUBE-NFC4.3.0.0
2025-04-18 14:52:36,970 [WARN] PackLoader:240 - Cannot read IP mode file for EmbeddedOffice.I-CUBE-FS-RTOS.1.0.1
2025-04-18 14:52:36,980 [WARN] PackLoader:240 - Cannot read IP mode file for wolfSSL.I-CUBE-wolfTPM.3.8.0
2025-04-18 14:52:37,016 [WARN] PackLoader:240 - Cannot read IP mode file for STMicroelectronics.X-CUBE-TCPP.4.2.0
2025-04-18 14:52:37,054 [WARN] PackLoader:240 - Cannot read IP mode file for RealThread.X-CUBE-RT-Thread_Nano.4.1.1
2025-04-18 14:52:37,066 [WARN] PackLoader:240 - Cannot read IP mode file for STMicroelectronics.FP-ATR-SIGFOX1.3.2.0
2025-04-18 14:52:37,095 [WARN] ConditionMgr:438 - getConditionDescription Invalid condition id : Cortex-A Device cause : null
2025-04-18 14:52:37,131 [WARN] ConditionMgr:1044 - genDependencies : Invalid condition id : Cortex-A Device cause : null
2025-04-18 14:52:37,132 [WARN] ConditionMgr:1044 - genDependencies : Invalid condition id : Cortex-A Device cause : null
2025-04-18 14:52:37,132 [WARN] ConditionMgr:1044 - genDependencies : Invalid condition id : Cortex-A Device cause : null
2025-04-18 14:52:37,165 [WARN] PackLoader:240 - Cannot read IP mode file for STMicroelectronics.X-CUBE-EEPRMA1.5.1.0
2025-04-18 14:52:37,195 [WARN] PackLoader:240 - Cannot read IP mode file for wolfSSL.I-CUBE-wolfSSL.5.7.4
2025-04-18 14:52:37,222 [WARN] PackLoader:240 - Cannot read IP mode file for wolfSSL.I-CUBE-wolfSSL.5.7.6
2025-04-18 14:52:37,255 [WARN] PackLoader:240 - Cannot read IP mode file for ITTIA_DB.I-CUBE-ITTIADB.8.9.0
2025-04-18 14:52:37,313 [WARN] PackLoader:240 - Cannot read IP mode file for SEGGER.I-CUBE-embOS.1.3.1
2025-04-18 14:52:37,404 [WARN] PackLoader:240 - Cannot read IP mode file for STMicroelectronics.X-CUBE-ALGOBUILD.1.4.0
2025-04-18 14:52:37,428 [WARN] PackLoader:240 - Cannot read IP mode file for STMicroelectronics.X-CUBE-AI.9.1.0
2025-04-18 14:52:37,514 [WARN] PackLoader:240 - Cannot read IP mode file for STMicroelectronics.X-CUBE-AZRTOS-F4.1.1.0
2025-04-18 14:52:37,525 [WARN] PackLoader:240 - Cannot read IP mode file for Avnet-IotConnect.X-CUBE-IoTC-DA16k-PMOD.1.0.0
2025-04-18 14:52:37,552 [WARN] PackLoader:240 - Cannot read IP mode file for STMicroelectronics.X-CUBE-ISPU.2.1.0
2025-04-18 14:52:37,576 [WARN] PackLoader:240 - Cannot read IP mode file for STMicroelectronics.X-CUBE-FREERTOS.1.2.0
2025-04-18 14:52:37,633 [WARN] PackLoader:240 - Cannot read IP mode file for STMicroelectronics.X-CUBE-AZRTOS-L5.2.0.0
2025-04-18 14:52:37,667 [WARN] PackLoader:240 - Cannot read IP mode file for STMicroelectronics.X-CUBE-NFC6.3.1.0
2025-04-18 14:52:37,701 [WARN] PackLoader:240 - Cannot read IP mode file for STMicroelectronics.X-CUBE-DPower.1.2.0
2025-04-18 14:52:37,728 [WARN] PackLoader:240 - Cannot read IP mode file for STMicroelectronics.X-CUBE-FREERTOS.1.3.0
2025-04-18 14:52:37,757 [WARN] PackLoader:240 - Cannot read IP mode file for STMicroelectronics.X-CUBE-NFC7.1.0.1
2025-04-18 14:52:37,789 [WARN] PackLoader:240 - Cannot read IP mode file for STMicroelectronics.X-CUBE-DPower.1.3.0
2025-04-18 14:52:37,852 [WARN] ConditionMgr:438 - getConditionDescription Invalid condition id : LAN8742 Phy interface Condition cause : null
2025-04-18 14:52:37,853 [WARN] PackLoader:240 - Cannot read IP mode file for STMicroelectronics.X-CUBE-AZRTOS-L4.2.0.0
2025-04-18 14:52:37,855 [WARN] ConditionMgr:1044 - genDependencies : Invalid condition id : LAN8742 Phy interface Condition cause : null
2025-04-18 14:52:37,855 [WARN] ConditionMgr:1044 - genDependencies : Invalid condition id : LAN8742 Phy interface Condition cause : null
2025-04-18 14:52:37,856 [WARN] ConditionMgr:1044 - genDependencies : Invalid condition id : LAN8742 Phy interface Condition cause : null
2025-04-18 14:52:37,889 [WARN] PackLoader:240 - Cannot read IP mode file for STMicroelectronics.X-CUBE-SFXS2LP1.4.0.0
2025-04-18 14:52:37,952 [WARN] PackLoader:240 - Cannot read IP mode file for STMicroelectronics.X-CUBE-AZRTOS-H7.3.3.0
2025-04-18 14:52:37,995 [WARN] PackLoader:240 - Cannot read IP mode file for STMicroelectronics.X-CUBE-IPS.3.0.0
2025-04-18 14:52:38,048 [WARN] ConditionMgr:438 - getConditionDescription Invalid condition id : UX DEVICE CLASS RTOS Condition cause : null
2025-04-18 14:52:38,048 [WARN] ConditionMgr:438 - getConditionDescription Invalid condition id : UX DEVICE CLASS RTOS Condition cause : null
2025-04-18 14:52:38,052 [WARN] PackLoader:240 - Cannot read IP mode file for STMicroelectronics.X-CUBE-AZRTOS-WB.2.0.0
2025-04-18 14:52:38,053 [WARN] ConditionMgr:1044 - genDependencies : Invalid condition id : UX DEVICE CLASS RTOS Condition cause : null
2025-04-18 14:52:38,054 [WARN] ConditionMgr:1044 - genDependencies : Invalid condition id : UX DEVICE CLASS RTOS Condition cause : null
2025-04-18 14:52:38,054 [WARN] ConditionMgr:1044 - genDependencies : Invalid condition id : UX DEVICE CLASS RTOS Condition cause : null
2025-04-18 14:52:38,055 [WARN] ConditionMgr:1044 - genDependencies : Invalid condition id : UX DEVICE CLASS RTOS Condition cause : null
2025-04-18 14:52:38,055 [WARN] ConditionMgr:1044 - genDependencies : Invalid condition id : UX DEVICE CLASS RTOS Condition cause : null
2025-04-18 14:52:38,087 [WARN] PackLoader:240 - Cannot read IP mode file for STMicroelectronics.X-CUBE-GNSS1.7.0.0
2025-04-18 14:52:38,115 [WARN] PackLoader:240 - Cannot read IP mode file for STMicroelectronics.X-CUBE-GNSS1.7.0.1
2025-04-18 14:52:38,157 [WARN] PackLoader:240 - Cannot read IP mode file for STMicroelectronics.X-CUBE-TOUCHGFX.4.25.0
2025-04-18 14:52:38,349 [WARN] PackLoader:240 - Cannot read IP mode file for STMicroelectronics.FP-SNS-STBOX1.2.0.0
2025-04-18 14:52:38,397 [WARN] PackLoader:240 - Cannot read IP mode file for STMicroelectronics.X-CUBE-SUBG2.5.0.0
2025-04-18 14:52:38,487 [WARN] PackLoader:240 - Cannot read IP mode file for STMicroelectronics.X-CUBE-AZRTOS-H7RS.1.1.0
2025-04-18 14:52:38,502 [WARN] PackLoader:240 - Cannot read IP mode file for Cesanta.I-CUBE-Mongoose.7.13.0
2025-04-18 14:52:38,560 [WARN] PackLoader:240 - Cannot read IP mode file for STMicroelectronics.X-CUBE-AZRTOS-G4.2.0.0
2025-04-18 14:52:38,572 [WARN] PackLoader:240 - Cannot read IP mode file for wolfSSL.I-CUBE-wolfSSH.1.4.20
2025-04-18 14:52:38,613 [WARN] PackLoader:240 - Cannot read IP mode file for STMicroelectronics.X-CUBE-IPS.3.1.0
2025-04-18 14:52:38,659 [WARN] PackLoader:240 - Cannot read IP mode file for STMicroelectronics.X-CUBE-ALS.1.0.2
2025-04-18 14:52:38,688 [WARN] PackLoader:240 - Cannot read IP mode file for STMicroelectronics.X-CUBE-TOUCHGFX.4.24.2
2025-04-18 14:52:38,718 [WARN] PackLoader:240 - Cannot read IP mode file for STMicroelectronics.X-CUBE-TOUCHGFX.4.24.1
2025-04-18 14:52:38,748 [WARN] PackLoader:240 - Cannot read IP mode file for wolfSSL.I-CUBE-wolfTPM.3.4.0
2025-04-18 14:52:38,783 [WARN] PackLoader:240 - Cannot read IP mode file for portGmbH.I-Cube-SoM-uGOAL.1.1.0
2025-04-18 14:52:38,850 [WARN] PackLoader:240 - Cannot read IP mode file for STMicroelectronics.X-CUBE-AZRTOS-H7RS.1.0.0
2025-04-18 14:52:38,900 [WARN] PackLoader:240 - Cannot read IP mode file for STMicroelectronics.X-CUBE-TOF1.3.4.2
2025-04-18 14:52:38,934 [WARN] PackLoader:240 - Cannot read IP mode file for STMicroelectronics.X-CUBE-TOF1.3.4.3
2025-04-18 14:52:38,976 [WARN] PackLoader:240 - Cannot read IP mode file for wolfSSL.I-CUBE-wolfSSH.1.4.17
2025-04-18 14:52:38,977 [INFO] ThirdParty:978 - Integrity check success = true
2025-04-18 14:52:38,978 [INFO] IntegrityCheckThread:100 - exiting critical section [integrity check]
2025-04-18 14:52:38,978 [INFO] IntegrityCheckThread:103 - End integrity checks thread
2025-04-18 15:50:15,363 [ERROR] LogOutputStream:75 - [STDERR_REDIRECT] 
2025-04-18 15:51:02,233 [INFO] Activator:176 - 


2025-04-18 15:51:02,234 [INFO] Activator:177 - !SESSION log4j initialized
2025-04-18 15:51:11,569 [INFO] LogOutputStream:77 - [STDOUT_REDIRECT] 
2025-04-18 15:52:59,690 [INFO] ApplicationProperties:184 - Using Application install path: C:\ST\STM32CubeIDE_1.17.0\STM32CubeIDE\plugins\com.st.stm32cube.common.mx_6.13.0.202411220809
2025-04-18 15:52:59,710 [INFO] DbMcusXml:78 - Set database path to: C:\ST\STM32CubeIDE_1.17.0\STM32CubeIDE\plugins\com.st.stm32cube.common.mx_6.13.0.202411220809\\db\/mcu/
2025-04-18 15:52:59,710 [INFO] ApiDb:274 - Set plugin database path to: C:\ST\STM32CubeIDE_1.17.0\STM32CubeIDE\plugins\com.st.stm32cube.common.mx_6.13.0.202411220809\\db\/plugins/boardmanager/
2025-04-18 15:52:59,711 [WARN] ApiDb:259 - Overriding images path with different value:  => C:\ST\STM32CubeIDE_1.17.0\STM32CubeIDE\plugins\com.st.stm32cube.common.mx_6.13.0.202411220809\\db\/plugins/mcufinder/images/
2025-04-18 15:52:59,725 [INFO] ApiDb:250 - Set database path to: C:\Users\roche\.stmcufinder\plugins\mcufinder//mcu/
2025-04-18 15:52:59,727 [INFO] DbMcusAds:125 - Set database path to: C:\Users\roche\.stmcufinder\plugins\mcufinder//mcu/
2025-04-18 15:52:59,758 [INFO] CrossReferenceDbSqlite:203 - Set database path to: C:\Users\roche\.stmcufinder\plugins\mcufinder//mcu/cs/
2025-04-18 15:52:59,894 [INFO] DbMcusXml:78 - Set database path to: C:\ST\STM32CubeIDE_1.17.0\STM32CubeIDE\plugins\com.st.stm32cube.common.mx_6.13.0.202411220809\\db\/mcu/
2025-04-18 15:52:59,894 [INFO] ApiDb:274 - Set plugin database path to: C:\ST\STM32CubeIDE_1.17.0\STM32CubeIDE\plugins\com.st.stm32cube.common.mx_6.13.0.202411220809\\db\/plugins/boardmanager/
2025-04-18 15:52:59,895 [INFO] ApiDb:261 - Set plugin images path to: C:\ST\STM32CubeIDE_1.17.0\STM32CubeIDE\plugins\com.st.stm32cube.common.mx_6.13.0.202411220809\\db\/plugins/mcufinder/images/
2025-04-18 15:52:59,895 [WARN] DbFile:41 - Overriding database path with different value: C:\Users\roche\.stmcufinder\plugins\mcufinder/ => C:\Users\roche\.stmcufinder\plugins\mcufinder
2025-04-18 15:52:59,895 [INFO] ApiDb:250 - Set database path to: C:\Users\roche\.stmcufinder\plugins\mcufinder//mcu/
2025-04-18 15:52:59,896 [WARN] DbFile:41 - Overriding database path with different value: C:\Users\roche\.stmcufinder\plugins\mcufinder/ => C:\Users\roche\.stmcufinder\plugins\mcufinder
2025-04-18 15:52:59,896 [INFO] DbMcusAds:125 - Set database path to: C:\Users\roche\.stmcufinder\plugins\mcufinder//mcu/
2025-04-18 15:52:59,896 [WARN] DbFile:41 - Overriding database path with different value: C:\Users\roche\.stmcufinder\plugins\mcufinder/ => C:\Users\roche\.stmcufinder\plugins\mcufinder
2025-04-18 15:52:59,896 [WARN] DbFile:41 - Overriding database path with different value: C:\Users\roche\.stmcufinder\plugins\mcufinder/ => C:\Users\roche\.stmcufinder\plugins\mcufinder
2025-04-18 15:52:59,896 [INFO] CrossReferenceDbSqlite:203 - Set database path to: C:\Users\roche\.stmcufinder\plugins\mcufinder//mcu/cs/
2025-04-18 15:53:00,024 [INFO] MainPanel:272 - HeapMemory: 326107136
2025-04-18 15:53:00,183 [INFO] DbMcusXml:78 - Set database path to: C:\ST\STM32CubeIDE_1.17.0\STM32CubeIDE\plugins\com.st.stm32cube.common.mx_6.13.0.202411220809\\db\/mcu/
2025-04-18 15:53:00,183 [INFO] ApiDb:274 - Set plugin database path to: C:\ST\STM32CubeIDE_1.17.0\STM32CubeIDE\plugins\com.st.stm32cube.common.mx_6.13.0.202411220809\\db\/plugins/boardmanager/
2025-04-18 15:53:00,183 [INFO] ApiDb:261 - Set plugin images path to: C:\ST\STM32CubeIDE_1.17.0\STM32CubeIDE\plugins\com.st.stm32cube.common.mx_6.13.0.202411220809\\db\/plugins/mcufinder/images/
2025-04-18 15:53:00,183 [WARN] DbFile:41 - Overriding database path with different value: C:\Users\roche\.stmcufinder\plugins\mcufinder/ => C:\Users\roche\.stmcufinder\plugins\mcufinder
2025-04-18 15:53:00,183 [INFO] ApiDb:250 - Set database path to: C:\Users\roche\.stmcufinder\plugins\mcufinder//mcu/
2025-04-18 15:53:00,185 [WARN] DbFile:41 - Overriding database path with different value: C:\Users\roche\.stmcufinder\plugins\mcufinder/ => C:\Users\roche\.stmcufinder\plugins\mcufinder
2025-04-18 15:53:00,185 [INFO] DbMcusAds:125 - Set database path to: C:\Users\roche\.stmcufinder\plugins\mcufinder//mcu/
2025-04-18 15:53:00,185 [WARN] DbFile:41 - Overriding database path with different value: C:\Users\roche\.stmcufinder\plugins\mcufinder/ => C:\Users\roche\.stmcufinder\plugins\mcufinder
2025-04-18 15:53:00,185 [WARN] DbFile:41 - Overriding database path with different value: C:\Users\roche\.stmcufinder\plugins\mcufinder/ => C:\Users\roche\.stmcufinder\plugins\mcufinder
2025-04-18 15:53:00,185 [INFO] CrossReferenceDbSqlite:203 - Set database path to: C:\Users\roche\.stmcufinder\plugins\mcufinder//mcu/cs/
2025-04-18 15:53:00,214 [INFO] ApplicationProperties:184 - Using Application install path: C:\ST\STM32CubeIDE_1.17.0\STM32CubeIDE\plugins\com.st.stm32cube.common.mx_6.13.0.202411220809
2025-04-18 15:53:00,215 [INFO] PluginManage:196 - Search for loadable plugins [exclusion list=, ]
2025-04-18 15:53:00,218 [INFO] PluginManage:310 - Check plugin analytics
2025-04-18 15:53:05,466 [INFO] AnalyticsPlugin:253 - Accepted Software Licenses: 
2025-04-18 15:53:05,466 [INFO] AnalyticsPlugin:255 - Accepted CMSIS Pack Licenses: STMicroelectronics.X-CUBE-TOUCHGFX.4.25.0
2025-04-18 15:53:05,466 [INFO] AnalyticsPlugin:257 - Accepted Firmware Licenses: FW.F4.1.28.0
2025-04-18 15:53:05,471 [INFO] PluginManage:359 - Loaded plugin analytics (category:tool,tabindex:-1)
2025-04-18 15:53:05,471 [INFO] PluginManage:310 - Check plugin cadmodel
2025-04-18 15:53:05,481 [INFO] CADModel:105 - Init CAD model plugin
2025-04-18 15:53:05,481 [INFO] PluginManage:359 - Loaded plugin cadmodel (category:power,tabindex:5)
2025-04-18 15:53:05,481 [INFO] PluginManage:310 - Check plugin clock
2025-04-18 15:53:05,499 [INFO] PluginManage:359 - Loaded plugin clock (category:base,tabindex:2)
2025-04-18 15:53:05,499 [INFO] PluginManage:310 - Check plugin ddr
2025-04-18 15:53:05,503 [INFO] PluginManage:359 - Loaded plugin ddr (category:tool,tabindex:6)
2025-04-18 15:53:05,503 [INFO] PluginManage:310 - Check plugin filemanager
2025-04-18 15:53:05,708 [INFO] PluginManage:359 - Loaded plugin filemanager (category:base,tabindex:10)
2025-04-18 15:53:05,708 [INFO] PluginManage:310 - Check plugin ipmanager
2025-04-18 15:53:05,719 [INFO] PluginManage:359 - Loaded plugin ipmanager (category:base,tabindex:5)
2025-04-18 15:53:05,719 [INFO] PluginManage:310 - Check plugin lpbam
2025-04-18 15:53:05,730 [INFO] PluginManage:359 - Loaded plugin lpbam (category:base,tabindex:0)
2025-04-18 15:53:05,730 [INFO] PluginManage:310 - Check plugin memorymap
2025-04-18 15:53:05,749 [INFO] PluginManage:359 - Loaded plugin memorymap (category:base,tabindex:4)
2025-04-18 15:53:05,750 [INFO] PluginManage:310 - Check plugin pinoutandconfiguration
2025-04-18 15:53:05,760 [INFO] PluginManage:359 - Loaded plugin pinoutandconfiguration (category:base,tabindex:1)
2025-04-18 15:53:05,760 [INFO] PluginManage:310 - Check plugin pinoutconfig
2025-04-18 15:53:05,899 [WARN] SupportedApi:132 - Cannot load RTOS API schema: s4s-elt-must-match.1: The content of 'definitions' must match (annotation?, (simpleType | complexType)?, (unique | key | keyref)*)). A problem was found starting at: attribute.
2025-04-18 15:53:06,135 [INFO] PluginManage:359 - Loaded plugin pinoutconfig (category:base,tabindex:0)
2025-04-18 15:53:06,135 [INFO] PluginManage:310 - Check plugin power
2025-04-18 15:53:06,150 [INFO] PluginManage:359 - Loaded plugin power (category:power,tabindex:4)
2025-04-18 15:53:06,150 [INFO] PluginManage:310 - Check plugin projectmanager
2025-04-18 15:53:06,175 [INFO] PluginManage:359 - Loaded plugin projectmanager (category:projectmanager,tabindex:4)
2025-04-18 15:53:06,175 [INFO] PluginManage:310 - Check plugin rif
2025-04-18 15:53:06,207 [INFO] PluginManage:359 - Loaded plugin rif (category:base,tabindex:3)
2025-04-18 15:53:06,207 [INFO] PluginManage:310 - Check plugin thirdparty
2025-04-18 15:53:06,640 [INFO] PluginManage:359 - Loaded plugin thirdparty (category:base,tabindex:-1)
2025-04-18 15:53:06,640 [INFO] PluginManage:310 - Check plugin tools
2025-04-18 15:53:06,640 [WARN] IntegrityCheckThread:84 - waiting for thirdparty lock release [integrity check]
2025-04-18 15:53:06,641 [INFO] IntegrityCheckThread:86 - entering critical section [integrity check]
2025-04-18 15:53:06,641 [INFO] ThirdPartyUpdaterWithRetryManager:70 - Updater plugin not ready yet. [1/15]
2025-04-18 15:53:06,643 [INFO] PluginManage:359 - Loaded plugin tools (category:base,tabindex:7)
2025-04-18 15:53:06,644 [INFO] PluginManage:310 - Check plugin tutovideos
2025-04-18 15:53:06,958 [INFO] PluginManage:359 - Loaded plugin tutovideos (category:base,tabindex:-1)
2025-04-18 15:53:06,959 [INFO] PluginManage:310 - Check plugin updater
2025-04-18 15:53:06,988 [INFO] PluginManage:359 - Loaded plugin updater (category:base,tabindex:12)
2025-04-18 15:53:06,988 [INFO] PluginManage:310 - Check plugin userauth
2025-04-18 15:53:06,993 [INFO] UserAuth:118 - Init User Auth plugin
2025-04-18 15:53:06,994 [INFO] PluginManage:359 - Loaded plugin userauth (category:base,tabindex:14)
2025-04-18 15:53:06,995 [INFO] PluginManage:283 - PluginManage : Loaded plugins [18]
2025-04-18 15:53:07,345 [INFO] PinOutPanel:1589 - setPackage(No Configuration,No Configuration)
2025-04-18 15:53:07,526 [INFO] CADModel:165 - CPN selected for project level
2025-04-18 15:53:07,527 [INFO] CADModel:114 - Register for checkConnection events
2025-04-18 15:53:07,554 [INFO] IPUIPlugin:80 - create IPUIPlugin
2025-04-18 15:53:07,555 [INFO] PluginManager:220 - loadIPPluginJar : add adc
2025-04-18 15:53:07,560 [INFO] IPUIPlugin:80 - create IPUIPlugin
2025-04-18 15:53:07,560 [INFO] PluginManager:220 - loadIPPluginJar : add aes
2025-04-18 15:53:07,565 [INFO] IPUIPlugin:80 - create IPUIPlugin
2025-04-18 15:53:07,566 [INFO] PluginManager:220 - loadIPPluginJar : add can
2025-04-18 15:53:07,569 [INFO] IPUIPlugin:80 - create IPUIPlugin
2025-04-18 15:53:07,569 [INFO] PluginManager:220 - loadIPPluginJar : add comp
2025-04-18 15:53:07,574 [INFO] IPUIPlugin:80 - create IPUIPlugin
2025-04-18 15:53:07,574 [INFO] PluginManager:220 - loadIPPluginJar : add cryp
2025-04-18 15:53:07,601 [INFO] IPUIPlugin:80 - create IPUIPlugin
2025-04-18 15:53:07,601 [INFO] PluginManager:220 - loadIPPluginJar : add ddr_ctrl_phy
2025-04-18 15:53:07,605 [INFO] IPUIPlugin:80 - create IPUIPlugin
2025-04-18 15:53:07,605 [INFO] PluginManager:220 - loadIPPluginJar : add dfsdm
2025-04-18 15:53:07,615 [INFO] IPUIPlugin:80 - create IPUIPlugin
2025-04-18 15:53:07,616 [INFO] PluginManager:220 - loadIPPluginJar : add dma
2025-04-18 15:53:07,620 [INFO] IPUIPlugin:80 - create IPUIPlugin
2025-04-18 15:53:07,620 [INFO] PluginManager:220 - loadIPPluginJar : add dma3
2025-04-18 15:53:07,626 [INFO] IPUIPlugin:80 - create IPUIPlugin
2025-04-18 15:53:07,626 [INFO] PluginManager:220 - loadIPPluginJar : add extmemmanager
2025-04-18 15:53:07,630 [INFO] IPUIPlugin:80 - create IPUIPlugin
2025-04-18 15:53:07,630 [INFO] PluginManager:220 - loadIPPluginJar : add fatfs
2025-04-18 15:53:07,638 [INFO] IPUIPlugin:80 - create IPUIPlugin
2025-04-18 15:53:07,638 [INFO] PluginManager:220 - loadIPPluginJar : add fmc
2025-04-18 15:53:07,648 [INFO] IPUIPlugin:80 - create IPUIPlugin
2025-04-18 15:53:07,648 [INFO] PluginManager:220 - loadIPPluginJar : add freertos
2025-04-18 15:53:07,651 [INFO] IPUIPlugin:80 - create IPUIPlugin
2025-04-18 15:53:07,651 [INFO] PluginManager:220 - loadIPPluginJar : add genericplugin
2025-04-18 15:53:07,655 [INFO] IPUIPlugin:80 - create IPUIPlugin
2025-04-18 15:53:07,656 [INFO] PluginManager:220 - loadIPPluginJar : add gfxmmu
2025-04-18 15:53:07,664 [INFO] IPUIPlugin:80 - create IPUIPlugin
2025-04-18 15:53:07,664 [INFO] PluginManager:220 - loadIPPluginJar : add gic
2025-04-18 15:53:07,669 [INFO] IPUIPlugin:80 - create IPUIPlugin
2025-04-18 15:53:07,670 [INFO] PluginManager:220 - loadIPPluginJar : add gpio
2025-04-18 15:53:07,674 [INFO] IPUIPlugin:80 - create IPUIPlugin
2025-04-18 15:53:07,675 [INFO] PluginManager:220 - loadIPPluginJar : add gtzc
2025-04-18 15:53:07,679 [INFO] IPUIPlugin:80 - create IPUIPlugin
2025-04-18 15:53:07,679 [INFO] PluginManager:220 - loadIPPluginJar : add hash
2025-04-18 15:53:07,683 [INFO] IPUIPlugin:80 - create IPUIPlugin
2025-04-18 15:53:07,683 [INFO] PluginManager:220 - loadIPPluginJar : add i2c
2025-04-18 15:53:07,687 [INFO] IPUIPlugin:80 - create IPUIPlugin
2025-04-18 15:53:07,687 [INFO] PluginManager:220 - loadIPPluginJar : add i2s
2025-04-18 15:53:07,692 [INFO] IPUIPlugin:80 - create IPUIPlugin
2025-04-18 15:53:07,693 [INFO] PluginManager:220 - loadIPPluginJar : add i3c
2025-04-18 15:53:08,007 [INFO] IPUIPlugin:80 - create IPUIPlugin
2025-04-18 15:53:08,007 [INFO] PluginManager:220 - loadIPPluginJar : add ipddr
2025-04-18 15:53:08,017 [INFO] IPUIPlugin:80 - create IPUIPlugin
2025-04-18 15:53:08,017 [INFO] PluginManager:220 - loadIPPluginJar : add linkedlist
2025-04-18 15:53:08,022 [INFO] IPUIPlugin:80 - create IPUIPlugin
2025-04-18 15:53:08,022 [INFO] PluginManager:220 - loadIPPluginJar : add lorawan
2025-04-18 15:53:08,028 [INFO] IPUIPlugin:80 - create IPUIPlugin
2025-04-18 15:53:08,028 [INFO] PluginManager:220 - loadIPPluginJar : add ltdc
2025-04-18 15:53:08,036 [INFO] IPUIPlugin:80 - create IPUIPlugin
2025-04-18 15:53:08,036 [INFO] PluginManager:220 - loadIPPluginJar : add mdma
2025-04-18 15:53:08,040 [INFO] IPUIPlugin:80 - create IPUIPlugin
2025-04-18 15:53:08,040 [INFO] PluginManager:220 - loadIPPluginJar : add nvic
2025-04-18 15:53:08,044 [INFO] IPUIPlugin:80 - create IPUIPlugin
2025-04-18 15:53:08,044 [INFO] PluginManager:220 - loadIPPluginJar : add opamp
2025-04-18 15:53:08,050 [INFO] IPUIPlugin:80 - create IPUIPlugin
2025-04-18 15:53:08,050 [INFO] PluginManager:220 - loadIPPluginJar : add openamp
2025-04-18 15:53:08,054 [INFO] IPUIPlugin:80 - create IPUIPlugin
2025-04-18 15:53:08,054 [INFO] PluginManager:220 - loadIPPluginJar : add pdm2pcm
2025-04-18 15:53:08,062 [INFO] IPUIPlugin:80 - create IPUIPlugin
2025-04-18 15:53:08,066 [INFO] PluginManager:220 - loadIPPluginJar : add plateformsettings
2025-04-18 15:53:08,069 [INFO] IPUIPlugin:80 - create IPUIPlugin
2025-04-18 15:53:08,069 [INFO] PluginManager:220 - loadIPPluginJar : add quadspi
2025-04-18 15:53:08,072 [INFO] IPUIPlugin:80 - create IPUIPlugin
2025-04-18 15:53:08,073 [INFO] PluginManager:220 - loadIPPluginJar : add radio
2025-04-18 15:53:08,077 [INFO] IPUIPlugin:80 - create IPUIPlugin
2025-04-18 15:53:08,077 [INFO] PluginManager:220 - loadIPPluginJar : add resmgrutility
2025-04-18 15:53:08,082 [INFO] IPUIPlugin:80 - create IPUIPlugin
2025-04-18 15:53:08,082 [INFO] PluginManager:220 - loadIPPluginJar : add sai
2025-04-18 15:53:08,087 [INFO] IPUIPlugin:80 - create IPUIPlugin
2025-04-18 15:53:08,088 [INFO] PluginManager:220 - loadIPPluginJar : add spi
2025-04-18 15:53:08,098 [INFO] IPUIPlugin:80 - create IPUIPlugin
2025-04-18 15:53:08,098 [INFO] PluginManager:220 - loadIPPluginJar : add stm32_wpan
2025-04-18 15:53:08,101 [INFO] IPUIPlugin:80 - create IPUIPlugin
2025-04-18 15:53:08,101 [INFO] PluginManager:220 - loadIPPluginJar : add tim
2025-04-18 15:53:08,106 [INFO] IPUIPlugin:80 - create IPUIPlugin
2025-04-18 15:53:08,107 [INFO] PluginManager:220 - loadIPPluginJar : add touchsensing
2025-04-18 15:53:08,110 [INFO] IPUIPlugin:80 - create IPUIPlugin
2025-04-18 15:53:08,110 [INFO] PluginManager:220 - loadIPPluginJar : add tracer_emb
2025-04-18 15:53:08,114 [INFO] IPUIPlugin:80 - create IPUIPlugin
2025-04-18 15:53:08,114 [INFO] PluginManager:220 - loadIPPluginJar : add ts
2025-04-18 15:53:08,118 [INFO] IPUIPlugin:80 - create IPUIPlugin
2025-04-18 15:53:08,118 [INFO] PluginManager:220 - loadIPPluginJar : add tsc
2025-04-18 15:53:08,121 [INFO] IPUIPlugin:80 - create IPUIPlugin
2025-04-18 15:53:08,121 [INFO] PluginManager:220 - loadIPPluginJar : add ucpd
2025-04-18 15:53:08,126 [INFO] IPUIPlugin:80 - create IPUIPlugin
2025-04-18 15:53:08,126 [INFO] PluginManager:220 - loadIPPluginJar : add usart
2025-04-18 15:53:08,131 [INFO] IPUIPlugin:80 - create IPUIPlugin
2025-04-18 15:53:08,131 [INFO] PluginManager:220 - loadIPPluginJar : add usbx
2025-04-18 15:53:08,299 [FATAL] Updater:351 - Updater called before beeing initialized
2025-04-18 15:53:08,417 [INFO] RulesReader:64 - Compatibility file has been processed (297 Rules)
2025-04-18 15:53:08,438 [INFO] RulesReader:64 - Compatibility file has been processed (297 Rules)
2025-04-18 15:53:08,449 [INFO] CADModel:165 - CPN selected for project level
2025-04-18 15:53:08,449 [INFO] CADModel:114 - Register for checkConnection events
2025-04-18 15:53:08,449 [FATAL] Updater:351 - Updater called before beeing initialized
2025-04-18 15:53:08,449 [ERROR] CADModel:125 - Updater not yet initialized, retry later 
2025-04-18 15:53:08,677 [FATAL] Updater:351 - Updater called before beeing initialized
2025-04-18 15:53:08,680 [INFO] CADModel:165 - CPN selected for project level
2025-04-18 15:53:08,680 [INFO] CADModel:114 - Register for checkConnection events
2025-04-18 15:53:08,680 [FATAL] Updater:351 - Updater called before beeing initialized
2025-04-18 15:53:08,680 [ERROR] CADModel:125 - Updater not yet initialized, retry later 
2025-04-18 15:53:08,685 [FATAL] Updater:351 - Updater called before beeing initialized
2025-04-18 15:53:08,881 [FATAL] Updater:351 - Updater called before beeing initialized
2025-04-18 15:53:08,902 [INFO] DbMcusAds:53 - JSON generation date=Thu Mar 06 15:54:21 CET 2025 (1741272861825)
2025-04-18 15:53:08,902 [FATAL] Updater:351 - Updater called before beeing initialized
2025-04-18 15:53:08,974 [WARN] DetailPanel:346 - Failed to get advertising image, set to default
2025-04-18 15:53:09,480 [FATAL] Updater:351 - Updater called before beeing initialized
2025-04-18 15:53:09,482 [FATAL] Updater:351 - Updater called before beeing initialized
2025-04-18 15:53:09,482 [FATAL] Updater:351 - Updater called before beeing initialized
2025-04-18 15:53:09,483 [WARN] DetailPanel:346 - Failed to get advertising image, set to default
2025-04-18 15:53:09,484 [FATAL] Updater:351 - Updater called before beeing initialized
2025-04-18 15:53:09,592 [ERROR] Updater:1198 - MainUpdater not yet initialized. External WinMGr cannot be set.
2025-04-18 15:53:09,619 [INFO] Updater:1134 - Updater Version found : 6.13.0
2025-04-18 15:53:09,640 [INFO] ApplicationProperties:184 - Using Application install path: C:\ST\STM32CubeIDE_1.17.0\STM32CubeIDE\plugins\com.st.stm32cube.common.mx_6.13.0.202411220809
2025-04-18 15:53:09,643 [INFO] ThirdPartyUpdaterWithRetryManager:70 - Updater plugin not ready yet. [2/15]
2025-04-18 15:53:11,236 [ERROR] LogOutputStream:75 - [STDERR_REDIRECT] Apr 18, 2025 3:53:11 PM java.util.prefs.WindowsPreferences <init>
2025-04-18 15:53:11,238 [ERROR] LogOutputStream:75 - [STDERR_REDIRECT] WARNING: Could not open/create prefs root node Software\JavaSoft\Prefs at root 0xffffffff80000002. Windows RegCreateKeyEx(...) returned error code 5.
2025-04-18 15:53:11,238 [ERROR] LogOutputStream:75 - [STDERR_REDIRECT] 
2025-04-18 15:53:11,712 [INFO] MainUpdater:2872 - connection check result : 10
2025-04-18 15:53:11,713 [INFO] MainUpdater:289 - Updater Check For Update Now.
2025-04-18 15:53:11,713 [INFO] MicroXplorer:498 - Change Database Version : DB.6.0.130
2025-04-18 15:53:11,743 [INFO] McuFinderGlobals:63 - Set McuFinder mode to 2 (CubeIDE integrated)
2025-04-18 15:53:11,744 [INFO] UserAuth:171 - activating auth plugin
2025-04-18 15:53:11,747 [INFO] UserAuth:486 - Internet connection configuration mode: 1
2025-04-18 15:53:11,802 [INFO] JxBrowserEngine:152 - Initiate JxBrowser Engine with user profile folder
2025-04-18 15:53:12,054 [INFO] CheckServerUpdateThread:120 - End of CheckServer Thread
2025-04-18 15:53:13,339 [INFO] WebApp:168 - Instantiating new browser for Auth
2025-04-18 15:53:13,384 [WARN] PackLoader:240 - Cannot read IP mode file for STMicroelectronics.FP-SNS-MOTENVWB1.1.4.0
2025-04-18 15:53:13,443 [WARN] PackLoader:240 - Cannot read IP mode file for STMicroelectronics.FP-ATR-ASTRA1.2.0.2
2025-04-18 15:53:13,490 [WARN] PackLoader:240 - Cannot read IP mode file for STMicroelectronics.FP-ATR-ASTRA1.2.0.1
2025-04-18 15:53:13,544 [WARN] PackLoader:240 - Cannot read IP mode file for STMicroelectronics.X-CUBE-SMBUS.2.1.0
2025-04-18 15:53:13,611 [WARN] PackLoader:240 - Cannot read IP mode file for STMicroelectronics.X-CUBE-WB05N.1.1.0
2025-04-18 15:53:13,766 [WARN] PackLoader:240 - Cannot read IP mode file for STMicroelectronics.X-CUBE-AZRTOS-F7.1.1.0
2025-04-18 15:53:14,013 [WARN] PackLoader:240 - Cannot read IP mode file for STMicroelectronics.X-CUBE-MEMS1.11.0.0
2025-04-18 15:53:14,525 [WARN] PackLoader:240 - Cannot read IP mode file for STMicroelectronics.FP-SNS-FLIGHT1.5.0.2
2025-04-18 15:53:14,615 [WARN] PackLoader:240 - Cannot read IP mode file for Infineon.AIROC-Wi-Fi-Bluetooth-STM32.1.7.0
2025-04-18 15:53:14,674 [WARN] PackLoader:240 - Cannot read IP mode file for STMicroelectronics.X-CUBE-DISPLAY.3.0.0
2025-04-18 15:53:14,720 [WARN] PackLoader:240 - Cannot read IP mode file for STMicroelectronics.X-CUBE-BLE1.7.0.0
2025-04-18 15:53:14,829 [WARN] PackLoader:240 - Cannot read IP mode file for STMicroelectronics.X-CUBE-NFC10.1.0.0
2025-04-18 15:53:14,884 [WARN] PackLoader:240 - Cannot read IP mode file for STMicroelectronics.X-CUBE-BLEMGR.4.0.0
2025-04-18 15:53:14,947 [WARN] PackLoader:240 - Cannot read IP mode file for emotas.I-CUBE-CANOPEN.1.3.0
2025-04-18 15:53:14,985 [WARN] ConditionMgr:438 - getConditionDescription Invalid condition id : Cortex-A Device cause : null
2025-04-18 15:53:15,128 [WARN] ConditionMgr:1044 - genDependencies : Invalid condition id : Cortex-A Device cause : null
2025-04-18 15:53:15,128 [WARN] ConditionMgr:1044 - genDependencies : Invalid condition id : Cortex-A Device cause : null
2025-04-18 15:53:15,128 [WARN] ConditionMgr:1044 - genDependencies : Invalid condition id : Cortex-A Device cause : null
2025-04-18 15:53:15,182 [WARN] PackLoader:240 - Cannot read IP mode file for STMicroelectronics.X-CUBE-BLEMGR.3.1.0
2025-04-18 15:53:15,228 [WARN] PackLoader:240 - Cannot read IP mode file for STMicroelectronics.X-CUBE-AI.10.0.0
2025-04-18 15:53:15,271 [WARN] PackLoader:240 - Cannot read IP mode file for STMicroelectronics.FP-SNS-SMARTAG2.1.2.0
2025-04-18 15:53:15,316 [WARN] PackLoader:240 - Cannot read IP mode file for STMicroelectronics.FP-SNS-FLIGHT1.5.1.0
2025-04-18 15:53:15,490 [WARN] PackLoader:240 - Cannot read IP mode file for STMicroelectronics.X-CUBE-MEMS1.11.1.0
2025-04-18 15:53:15,924 [INFO] LogOutputStream:77 - [STDOUT_REDIRECT] 1 : Invalid condition id : UX_CORESTACK_Condition cause : null
2025-04-18 15:53:15,927 [INFO] LogOutputStream:77 - [STDOUT_REDIRECT] 1 : Invalid condition id : UX_CORESTACK_Condition cause : null
2025-04-18 15:53:15,930 [INFO] LogOutputStream:77 - [STDOUT_REDIRECT] 1 : Invalid condition id : UX_CORESTACK_Condition cause : null
2025-04-18 15:53:15,933 [INFO] LogOutputStream:77 - [STDOUT_REDIRECT] 1 : Invalid condition id : UX_CORESTACK_Condition cause : null
2025-04-18 15:53:15,937 [INFO] LogOutputStream:77 - [STDOUT_REDIRECT] 1 : Invalid condition id : UX_CORESTACK_Condition cause : null
2025-04-18 15:53:15,946 [WARN] PackLoader:240 - Cannot read IP mode file for STMicroelectronics.X-CUBE-AZRTOS-WL.2.0.0
2025-04-18 15:53:15,988 [WARN] PackLoader:240 - Cannot read IP mode file for STMicroelectronics.FP-SNS-MOTENV1.5.0.0
2025-04-18 15:53:16,043 [WARN] PackLoader:240 - Cannot read IP mode file for wolfSSL.I-CUBE-wolfMQTT.1.19.0
2025-04-18 15:53:16,103 [WARN] PackLoader:240 - Cannot read IP mode file for WES.I-CUBE-Cesium.1.3.0
2025-04-18 15:53:16,155 [WARN] PackLoader:240 - Cannot read IP mode file for STMicroelectronics.X-CUBE-BLE2.3.3.0
2025-04-18 15:53:16,206 [WARN] PackLoader:240 - Cannot read IP mode file for STMicroelectronics.X-CUBE-NFC9.1.0.0
2025-04-18 15:53:16,249 [WARN] PackLoader:240 - Cannot read IP mode file for STMicroelectronics.X-CUBE-BLE1.7.1.0
2025-04-18 15:53:16,289 [WARN] PackLoader:240 - Cannot read IP mode file for wolfSSL.I-CUBE-wolfMQTT.1.19.2
2025-04-18 15:53:16,333 [WARN] PackLoader:240 - Cannot read IP mode file for STMicroelectronics.X-CUBE-TCPP.4.1.0
2025-04-18 15:53:16,490 [INFO] WebApp:449 - Apply proxy settings
2025-04-18 15:53:16,494 [INFO] WebApp:534 - Chromium requires no authentication
2025-04-18 15:53:16,528 [WARN] PackLoader:240 - Cannot read IP mode file for STMicroelectronics.X-CUBE-MEMS1.11.2.0
2025-04-18 15:53:16,532 [INFO] WebApp:477 - Direct internet connection detected
2025-04-18 15:53:16,651 [INFO] WebApp:880 - Register for checkConnection events
2025-04-18 15:53:16,651 [INFO] WebApp:449 - Apply proxy settings
2025-04-18 15:53:16,652 [INFO] WebApp:534 - Chromium requires no authentication
2025-04-18 15:53:16,655 [INFO] WebApp:477 - Direct internet connection detected
2025-04-18 15:53:16,956 [WARN] PackLoader:240 - Cannot read IP mode file for STMicroelectronics.X-CUBE-AZRTOS-G0.1.1.0
2025-04-18 15:53:17,003 [WARN] PackLoader:240 - Cannot read IP mode file for STMicroelectronics.X-CUBE-SAFEA1.1.2.2
2025-04-18 15:53:17,052 [WARN] PackLoader:240 - Cannot read IP mode file for STMicroelectronics.X-CUBE-NFC4.3.0.0
2025-04-18 15:53:17,109 [WARN] PackLoader:240 - Cannot read IP mode file for EmbeddedOffice.I-CUBE-FS-RTOS.1.0.1
2025-04-18 15:53:17,153 [WARN] PackLoader:240 - Cannot read IP mode file for wolfSSL.I-CUBE-wolfTPM.3.8.0
2025-04-18 15:53:17,203 [WARN] PackLoader:240 - Cannot read IP mode file for STMicroelectronics.X-CUBE-TCPP.4.2.0
2025-04-18 15:53:17,235 [INFO] WebApp:221 - Starting web application
2025-04-18 15:53:17,236 [INFO] WebApp:579 - Web application path used C:\ST\STM32CubeIDE_1.17.0\STM32CubeIDE\plugins\com.st.stm32cube.common.mx_6.13.0.202411220809\db\plugins\mcufinder\reactClient1\index.html
2025-04-18 15:53:17,248 [WARN] PackLoader:240 - Cannot read IP mode file for RealThread.X-CUBE-RT-Thread_Nano.4.1.1
2025-04-18 15:53:17,289 [WARN] PackLoader:240 - Cannot read IP mode file for STMicroelectronics.FP-ATR-SIGFOX1.3.2.0
2025-04-18 15:53:17,330 [WARN] ConditionMgr:438 - getConditionDescription Invalid condition id : Cortex-A Device cause : null
2025-04-18 15:53:17,412 [WARN] ConditionMgr:1044 - genDependencies : Invalid condition id : Cortex-A Device cause : null
2025-04-18 15:53:17,413 [WARN] ConditionMgr:1044 - genDependencies : Invalid condition id : Cortex-A Device cause : null
2025-04-18 15:53:17,413 [WARN] ConditionMgr:1044 - genDependencies : Invalid condition id : Cortex-A Device cause : null
2025-04-18 15:53:17,460 [WARN] PackLoader:240 - Cannot read IP mode file for STMicroelectronics.X-CUBE-EEPRMA1.5.1.0
2025-04-18 15:53:17,504 [WARN] PackLoader:240 - Cannot read IP mode file for wolfSSL.I-CUBE-wolfSSL.5.7.4
2025-04-18 15:53:17,537 [WARN] PackLoader:240 - Cannot read IP mode file for wolfSSL.I-CUBE-wolfSSL.5.7.6
2025-04-18 15:53:17,583 [WARN] PackLoader:240 - Cannot read IP mode file for ITTIA_DB.I-CUBE-ITTIADB.8.9.0
2025-04-18 15:53:17,751 [WARN] PackLoader:240 - Cannot read IP mode file for SEGGER.I-CUBE-embOS.1.3.1
2025-04-18 15:53:17,964 [WARN] PackLoader:240 - Cannot read IP mode file for STMicroelectronics.X-CUBE-ALGOBUILD.1.4.0
2025-04-18 15:53:17,999 [WARN] PackLoader:240 - Cannot read IP mode file for STMicroelectronics.X-CUBE-AI.9.1.0
2025-04-18 15:53:18,127 [WARN] PackLoader:240 - Cannot read IP mode file for STMicroelectronics.X-CUBE-AZRTOS-F4.1.1.0
2025-04-18 15:53:18,188 [WARN] PackLoader:240 - Cannot read IP mode file for Avnet-IotConnect.X-CUBE-IoTC-DA16k-PMOD.1.0.0
2025-04-18 15:53:18,224 [WARN] PackLoader:240 - Cannot read IP mode file for STMicroelectronics.X-CUBE-ISPU.2.1.0
2025-04-18 15:53:18,262 [WARN] PackLoader:240 - Cannot read IP mode file for STMicroelectronics.X-CUBE-FREERTOS.1.2.0
2025-04-18 15:53:18,343 [WARN] PackLoader:240 - Cannot read IP mode file for STMicroelectronics.X-CUBE-AZRTOS-L5.2.0.0
2025-04-18 15:53:18,368 [INFO] WebApp:187 - Connection restablished
2025-04-18 15:53:18,394 [WARN] PackLoader:240 - Cannot read IP mode file for STMicroelectronics.X-CUBE-NFC6.3.1.0
2025-04-18 15:53:18,454 [WARN] PackLoader:240 - Cannot read IP mode file for STMicroelectronics.X-CUBE-DPower.1.2.0
2025-04-18 15:53:18,495 [WARN] PackLoader:240 - Cannot read IP mode file for STMicroelectronics.X-CUBE-FREERTOS.1.3.0
2025-04-18 15:53:18,548 [WARN] PackLoader:240 - Cannot read IP mode file for STMicroelectronics.X-CUBE-NFC7.1.0.1
2025-04-18 15:53:18,610 [WARN] PackLoader:240 - Cannot read IP mode file for STMicroelectronics.X-CUBE-DPower.1.3.0
2025-04-18 15:53:18,702 [WARN] ConditionMgr:438 - getConditionDescription Invalid condition id : LAN8742 Phy interface Condition cause : null
2025-04-18 15:53:18,703 [WARN] PackLoader:240 - Cannot read IP mode file for STMicroelectronics.X-CUBE-AZRTOS-L4.2.0.0
2025-04-18 15:53:18,705 [WARN] ConditionMgr:1044 - genDependencies : Invalid condition id : LAN8742 Phy interface Condition cause : null
2025-04-18 15:53:18,706 [WARN] ConditionMgr:1044 - genDependencies : Invalid condition id : LAN8742 Phy interface Condition cause : null
2025-04-18 15:53:18,707 [WARN] ConditionMgr:1044 - genDependencies : Invalid condition id : LAN8742 Phy interface Condition cause : null
2025-04-18 15:53:18,754 [WARN] PackLoader:240 - Cannot read IP mode file for STMicroelectronics.X-CUBE-SFXS2LP1.4.0.0
2025-04-18 15:53:18,847 [WARN] PackLoader:240 - Cannot read IP mode file for STMicroelectronics.X-CUBE-AZRTOS-H7.3.3.0
2025-04-18 15:53:18,897 [WARN] PackLoader:240 - Cannot read IP mode file for STMicroelectronics.X-CUBE-IPS.3.0.0
2025-04-18 15:53:18,968 [WARN] ConditionMgr:438 - getConditionDescription Invalid condition id : UX DEVICE CLASS RTOS Condition cause : null
2025-04-18 15:53:18,974 [WARN] ConditionMgr:438 - getConditionDescription Invalid condition id : UX DEVICE CLASS RTOS Condition cause : null
2025-04-18 15:53:18,979 [WARN] PackLoader:240 - Cannot read IP mode file for STMicroelectronics.X-CUBE-AZRTOS-WB.2.0.0
2025-04-18 15:53:18,981 [WARN] ConditionMgr:1044 - genDependencies : Invalid condition id : UX DEVICE CLASS RTOS Condition cause : null
2025-04-18 15:53:18,982 [WARN] ConditionMgr:1044 - genDependencies : Invalid condition id : UX DEVICE CLASS RTOS Condition cause : null
2025-04-18 15:53:18,982 [WARN] ConditionMgr:1044 - genDependencies : Invalid condition id : UX DEVICE CLASS RTOS Condition cause : null
2025-04-18 15:53:18,983 [WARN] ConditionMgr:1044 - genDependencies : Invalid condition id : UX DEVICE CLASS RTOS Condition cause : null
2025-04-18 15:53:18,983 [WARN] ConditionMgr:1044 - genDependencies : Invalid condition id : UX DEVICE CLASS RTOS Condition cause : null
2025-04-18 15:53:19,032 [WARN] PackLoader:240 - Cannot read IP mode file for STMicroelectronics.X-CUBE-GNSS1.7.0.0
2025-04-18 15:53:19,079 [WARN] PackLoader:240 - Cannot read IP mode file for STMicroelectronics.X-CUBE-GNSS1.7.0.1
2025-04-18 15:53:19,145 [WARN] PackLoader:240 - Cannot read IP mode file for STMicroelectronics.X-CUBE-TOUCHGFX.4.25.0
2025-04-18 15:53:19,540 [WARN] PackLoader:240 - Cannot read IP mode file for STMicroelectronics.FP-SNS-STBOX1.2.0.0
2025-04-18 15:53:19,598 [WARN] PackLoader:240 - Cannot read IP mode file for STMicroelectronics.X-CUBE-SUBG2.5.0.0
2025-04-18 15:53:19,711 [WARN] PackLoader:240 - Cannot read IP mode file for STMicroelectronics.X-CUBE-AZRTOS-H7RS.1.1.0
2025-04-18 15:53:19,755 [WARN] PackLoader:240 - Cannot read IP mode file for Cesanta.I-CUBE-Mongoose.7.13.0
2025-04-18 15:53:19,822 [WARN] PackLoader:240 - Cannot read IP mode file for STMicroelectronics.X-CUBE-AZRTOS-G4.2.0.0
2025-04-18 15:53:19,871 [WARN] PackLoader:240 - Cannot read IP mode file for wolfSSL.I-CUBE-wolfSSH.1.4.20
2025-04-18 15:53:19,923 [WARN] PackLoader:240 - Cannot read IP mode file for STMicroelectronics.X-CUBE-IPS.3.1.0
2025-04-18 15:53:19,973 [WARN] PackLoader:240 - Cannot read IP mode file for STMicroelectronics.X-CUBE-ALS.1.0.2
2025-04-18 15:53:20,007 [WARN] PackLoader:240 - Cannot read IP mode file for STMicroelectronics.X-CUBE-TOUCHGFX.4.24.2
2025-04-18 15:53:20,040 [WARN] PackLoader:240 - Cannot read IP mode file for STMicroelectronics.X-CUBE-TOUCHGFX.4.24.1
2025-04-18 15:53:20,079 [WARN] PackLoader:240 - Cannot read IP mode file for wolfSSL.I-CUBE-wolfTPM.3.4.0
2025-04-18 15:53:20,120 [WARN] PackLoader:240 - Cannot read IP mode file for portGmbH.I-Cube-SoM-uGOAL.1.1.0
2025-04-18 15:53:20,199 [WARN] PackLoader:240 - Cannot read IP mode file for STMicroelectronics.X-CUBE-AZRTOS-H7RS.1.0.0
2025-04-18 15:53:20,255 [WARN] PackLoader:240 - Cannot read IP mode file for STMicroelectronics.X-CUBE-TOF1.3.4.2
2025-04-18 15:53:20,331 [WARN] PackLoader:240 - Cannot read IP mode file for STMicroelectronics.X-CUBE-TOF1.3.4.3
2025-04-18 15:53:20,391 [WARN] PackLoader:240 - Cannot read IP mode file for wolfSSL.I-CUBE-wolfSSH.1.4.17
2025-04-18 15:53:20,393 [INFO] ThirdParty:978 - Integrity check success = true
2025-04-18 15:53:20,393 [INFO] IntegrityCheckThread:100 - exiting critical section [integrity check]
2025-04-18 15:53:20,394 [INFO] IntegrityCheckThread:103 - End integrity checks thread
2025-04-18 15:54:37,691 [ERROR] LogOutputStream:75 - [STDERR_REDIRECT] 
2025-04-18 15:54:37,692 [ERROR] LogOutputStream:75 - [STDERR_REDIRECT] 
2025-04-18 15:55:51,221 [INFO] Activator:176 - 


2025-04-18 15:55:51,224 [INFO] Activator:177 - !SESSION log4j initialized
2025-04-18 15:55:54,050 [INFO] LogOutputStream:77 - [STDOUT_REDIRECT] 
2025-04-18 15:57:26,814 [INFO] ApplicationProperties:184 - Using Application install path: C:\ST\STM32CubeIDE_1.17.0\STM32CubeIDE\plugins\com.st.stm32cube.common.mx_6.13.0.202411220809
2025-04-18 15:57:26,846 [INFO] DbMcusXml:78 - Set database path to: C:\ST\STM32CubeIDE_1.17.0\STM32CubeIDE\plugins\com.st.stm32cube.common.mx_6.13.0.202411220809\\db\/mcu/
2025-04-18 15:57:26,846 [INFO] ApiDb:274 - Set plugin database path to: C:\ST\STM32CubeIDE_1.17.0\STM32CubeIDE\plugins\com.st.stm32cube.common.mx_6.13.0.202411220809\\db\/plugins/boardmanager/
2025-04-18 15:57:26,847 [WARN] ApiDb:259 - Overriding images path with different value:  => C:\ST\STM32CubeIDE_1.17.0\STM32CubeIDE\plugins\com.st.stm32cube.common.mx_6.13.0.202411220809\\db\/plugins/mcufinder/images/
2025-04-18 15:57:26,859 [INFO] ApiDb:250 - Set database path to: C:\Users\roche\.stmcufinder\plugins\mcufinder//mcu/
2025-04-18 15:57:26,861 [INFO] DbMcusAds:125 - Set database path to: C:\Users\roche\.stmcufinder\plugins\mcufinder//mcu/
2025-04-18 15:57:26,887 [INFO] CrossReferenceDbSqlite:203 - Set database path to: C:\Users\roche\.stmcufinder\plugins\mcufinder//mcu/cs/
2025-04-18 15:57:27,125 [INFO] RulesReader:64 - Compatibility file has been processed (297 Rules)
2025-04-18 15:57:27,275 [INFO] DbMcusXml:78 - Set database path to: C:\ST\STM32CubeIDE_1.17.0\STM32CubeIDE\plugins\com.st.stm32cube.common.mx_6.13.0.202411220809\\db\/mcu/
2025-04-18 15:57:27,277 [INFO] ApiDb:274 - Set plugin database path to: C:\ST\STM32CubeIDE_1.17.0\STM32CubeIDE\plugins\com.st.stm32cube.common.mx_6.13.0.202411220809\\db\/plugins/boardmanager/
2025-04-18 15:57:27,277 [INFO] ApiDb:261 - Set plugin images path to: C:\ST\STM32CubeIDE_1.17.0\STM32CubeIDE\plugins\com.st.stm32cube.common.mx_6.13.0.202411220809\\db\/plugins/mcufinder/images/
2025-04-18 15:57:27,278 [WARN] DbFile:41 - Overriding database path with different value: C:\Users\roche\.stmcufinder\plugins\mcufinder/ => C:\Users\roche\.stmcufinder\plugins\mcufinder
2025-04-18 15:57:27,278 [INFO] ApiDb:250 - Set database path to: C:\Users\roche\.stmcufinder\plugins\mcufinder//mcu/
2025-04-18 15:57:27,278 [WARN] DbFile:41 - Overriding database path with different value: C:\Users\roche\.stmcufinder\plugins\mcufinder/ => C:\Users\roche\.stmcufinder\plugins\mcufinder
2025-04-18 15:57:27,278 [INFO] DbMcusAds:125 - Set database path to: C:\Users\roche\.stmcufinder\plugins\mcufinder//mcu/
2025-04-18 15:57:27,279 [WARN] DbFile:41 - Overriding database path with different value: C:\Users\roche\.stmcufinder\plugins\mcufinder/ => C:\Users\roche\.stmcufinder\plugins\mcufinder
2025-04-18 15:57:27,279 [WARN] DbFile:41 - Overriding database path with different value: C:\Users\roche\.stmcufinder\plugins\mcufinder/ => C:\Users\roche\.stmcufinder\plugins\mcufinder
2025-04-18 15:57:27,279 [INFO] CrossReferenceDbSqlite:203 - Set database path to: C:\Users\roche\.stmcufinder\plugins\mcufinder//mcu/cs/
2025-04-18 15:57:27,424 [INFO] MainPanel:272 - HeapMemory: 324009984
2025-04-18 15:57:27,591 [INFO] DbMcusXml:78 - Set database path to: C:\ST\STM32CubeIDE_1.17.0\STM32CubeIDE\plugins\com.st.stm32cube.common.mx_6.13.0.202411220809\\db\/mcu/
2025-04-18 15:57:27,591 [INFO] ApiDb:274 - Set plugin database path to: C:\ST\STM32CubeIDE_1.17.0\STM32CubeIDE\plugins\com.st.stm32cube.common.mx_6.13.0.202411220809\\db\/plugins/boardmanager/
2025-04-18 15:57:27,593 [INFO] ApiDb:261 - Set plugin images path to: C:\ST\STM32CubeIDE_1.17.0\STM32CubeIDE\plugins\com.st.stm32cube.common.mx_6.13.0.202411220809\\db\/plugins/mcufinder/images/
2025-04-18 15:57:27,593 [WARN] DbFile:41 - Overriding database path with different value: C:\Users\roche\.stmcufinder\plugins\mcufinder/ => C:\Users\roche\.stmcufinder\plugins\mcufinder
2025-04-18 15:57:27,593 [INFO] ApiDb:250 - Set database path to: C:\Users\roche\.stmcufinder\plugins\mcufinder//mcu/
2025-04-18 15:57:27,593 [WARN] DbFile:41 - Overriding database path with different value: C:\Users\roche\.stmcufinder\plugins\mcufinder/ => C:\Users\roche\.stmcufinder\plugins\mcufinder
2025-04-18 15:57:27,594 [INFO] DbMcusAds:125 - Set database path to: C:\Users\roche\.stmcufinder\plugins\mcufinder//mcu/
2025-04-18 15:57:27,594 [WARN] DbFile:41 - Overriding database path with different value: C:\Users\roche\.stmcufinder\plugins\mcufinder/ => C:\Users\roche\.stmcufinder\plugins\mcufinder
2025-04-18 15:57:27,594 [WARN] DbFile:41 - Overriding database path with different value: C:\Users\roche\.stmcufinder\plugins\mcufinder/ => C:\Users\roche\.stmcufinder\plugins\mcufinder
2025-04-18 15:57:27,595 [INFO] CrossReferenceDbSqlite:203 - Set database path to: C:\Users\roche\.stmcufinder\plugins\mcufinder//mcu/cs/
2025-04-18 15:57:27,635 [INFO] ApplicationProperties:184 - Using Application install path: C:\ST\STM32CubeIDE_1.17.0\STM32CubeIDE\plugins\com.st.stm32cube.common.mx_6.13.0.202411220809
2025-04-18 15:57:27,637 [INFO] PluginManage:196 - Search for loadable plugins [exclusion list=, ]
2025-04-18 15:57:27,640 [INFO] PluginManage:310 - Check plugin analytics
2025-04-18 15:57:32,985 [INFO] AnalyticsPlugin:253 - Accepted Software Licenses: 
2025-04-18 15:57:32,986 [INFO] AnalyticsPlugin:255 - Accepted CMSIS Pack Licenses: STMicroelectronics.X-CUBE-TOUCHGFX.4.25.0
2025-04-18 15:57:32,986 [INFO] AnalyticsPlugin:257 - Accepted Firmware Licenses: FW.F4.1.28.0
2025-04-18 15:57:32,987 [INFO] PluginManage:359 - Loaded plugin analytics (category:tool,tabindex:-1)
2025-04-18 15:57:32,987 [INFO] PluginManage:310 - Check plugin cadmodel
2025-04-18 15:57:32,995 [INFO] CADModel:105 - Init CAD model plugin
2025-04-18 15:57:32,995 [INFO] PluginManage:359 - Loaded plugin cadmodel (category:power,tabindex:5)
2025-04-18 15:57:32,996 [INFO] PluginManage:310 - Check plugin clock
2025-04-18 15:57:33,012 [INFO] PluginManage:359 - Loaded plugin clock (category:base,tabindex:2)
2025-04-18 15:57:33,013 [INFO] PluginManage:310 - Check plugin ddr
2025-04-18 15:57:33,016 [INFO] PluginManage:359 - Loaded plugin ddr (category:tool,tabindex:6)
2025-04-18 15:57:33,017 [INFO] PluginManage:310 - Check plugin filemanager
2025-04-18 15:57:33,248 [INFO] PluginManage:359 - Loaded plugin filemanager (category:base,tabindex:10)
2025-04-18 15:57:33,248 [INFO] PluginManage:310 - Check plugin ipmanager
2025-04-18 15:57:33,258 [INFO] PluginManage:359 - Loaded plugin ipmanager (category:base,tabindex:5)
2025-04-18 15:57:33,258 [INFO] PluginManage:310 - Check plugin lpbam
2025-04-18 15:57:33,270 [INFO] PluginManage:359 - Loaded plugin lpbam (category:base,tabindex:0)
2025-04-18 15:57:33,270 [INFO] PluginManage:310 - Check plugin memorymap
2025-04-18 15:57:33,286 [INFO] PluginManage:359 - Loaded plugin memorymap (category:base,tabindex:4)
2025-04-18 15:57:33,286 [INFO] PluginManage:310 - Check plugin pinoutandconfiguration
2025-04-18 15:57:33,304 [INFO] PluginManage:359 - Loaded plugin pinoutandconfiguration (category:base,tabindex:1)
2025-04-18 15:57:33,304 [INFO] PluginManage:310 - Check plugin pinoutconfig
2025-04-18 15:57:33,474 [WARN] SupportedApi:132 - Cannot load RTOS API schema: s4s-elt-must-match.1: The content of 'definitions' must match (annotation?, (simpleType | complexType)?, (unique | key | keyref)*)). A problem was found starting at: attribute.
2025-04-18 15:57:33,741 [INFO] PluginManage:359 - Loaded plugin pinoutconfig (category:base,tabindex:0)
2025-04-18 15:57:33,741 [INFO] PluginManage:310 - Check plugin power
2025-04-18 15:57:33,758 [INFO] PluginManage:359 - Loaded plugin power (category:power,tabindex:4)
2025-04-18 15:57:33,759 [INFO] PluginManage:310 - Check plugin projectmanager
2025-04-18 15:57:33,792 [INFO] PluginManage:359 - Loaded plugin projectmanager (category:projectmanager,tabindex:4)
2025-04-18 15:57:33,793 [INFO] PluginManage:310 - Check plugin rif
2025-04-18 15:57:33,803 [INFO] PluginManage:359 - Loaded plugin rif (category:base,tabindex:3)
2025-04-18 15:57:33,805 [INFO] PluginManage:310 - Check plugin thirdparty
2025-04-18 15:57:34,025 [INFO] PluginManage:359 - Loaded plugin thirdparty (category:base,tabindex:-1)
2025-04-18 15:57:34,025 [INFO] PluginManage:310 - Check plugin tools
2025-04-18 15:57:34,024 [WARN] IntegrityCheckThread:84 - waiting for thirdparty lock release [integrity check]
2025-04-18 15:57:34,025 [INFO] IntegrityCheckThread:86 - entering critical section [integrity check]
2025-04-18 15:57:34,026 [INFO] ThirdPartyUpdaterWithRetryManager:70 - Updater plugin not ready yet. [1/15]
2025-04-18 15:57:34,030 [INFO] PluginManage:359 - Loaded plugin tools (category:base,tabindex:7)
2025-04-18 15:57:34,030 [INFO] PluginManage:310 - Check plugin tutovideos
2025-04-18 15:57:34,343 [INFO] PluginManage:359 - Loaded plugin tutovideos (category:base,tabindex:-1)
2025-04-18 15:57:34,343 [INFO] PluginManage:310 - Check plugin updater
2025-04-18 15:57:34,386 [INFO] PluginManage:359 - Loaded plugin updater (category:base,tabindex:12)
2025-04-18 15:57:34,386 [INFO] PluginManage:310 - Check plugin userauth
2025-04-18 15:57:34,392 [INFO] UserAuth:118 - Init User Auth plugin
2025-04-18 15:57:34,395 [INFO] PluginManage:359 - Loaded plugin userauth (category:base,tabindex:14)
2025-04-18 15:57:34,396 [INFO] PluginManage:283 - PluginManage : Loaded plugins [18]
2025-04-18 15:57:34,828 [INFO] PinOutPanel:1589 - setPackage(No Configuration,No Configuration)
2025-04-18 15:57:35,017 [INFO] CADModel:165 - CPN selected for project level
2025-04-18 15:57:35,018 [INFO] CADModel:114 - Register for checkConnection events
2025-04-18 15:57:35,045 [INFO] IPUIPlugin:80 - create IPUIPlugin
2025-04-18 15:57:35,046 [INFO] PluginManager:220 - loadIPPluginJar : add adc
2025-04-18 15:57:35,051 [INFO] IPUIPlugin:80 - create IPUIPlugin
2025-04-18 15:57:35,051 [INFO] PluginManager:220 - loadIPPluginJar : add aes
2025-04-18 15:57:35,057 [INFO] IPUIPlugin:80 - create IPUIPlugin
2025-04-18 15:57:35,057 [INFO] PluginManager:220 - loadIPPluginJar : add can
2025-04-18 15:57:35,061 [INFO] IPUIPlugin:80 - create IPUIPlugin
2025-04-18 15:57:35,061 [INFO] PluginManager:220 - loadIPPluginJar : add comp
2025-04-18 15:57:35,065 [INFO] IPUIPlugin:80 - create IPUIPlugin
2025-04-18 15:57:35,065 [INFO] PluginManager:220 - loadIPPluginJar : add cryp
2025-04-18 15:57:35,072 [INFO] IPUIPlugin:80 - create IPUIPlugin
2025-04-18 15:57:35,072 [INFO] PluginManager:220 - loadIPPluginJar : add ddr_ctrl_phy
2025-04-18 15:57:35,078 [INFO] IPUIPlugin:80 - create IPUIPlugin
2025-04-18 15:57:35,078 [INFO] PluginManager:220 - loadIPPluginJar : add dfsdm
2025-04-18 15:57:35,088 [INFO] IPUIPlugin:80 - create IPUIPlugin
2025-04-18 15:57:35,089 [INFO] PluginManager:220 - loadIPPluginJar : add dma
2025-04-18 15:57:35,093 [INFO] IPUIPlugin:80 - create IPUIPlugin
2025-04-18 15:57:35,094 [INFO] PluginManager:220 - loadIPPluginJar : add dma3
2025-04-18 15:57:35,098 [INFO] IPUIPlugin:80 - create IPUIPlugin
2025-04-18 15:57:35,098 [INFO] PluginManager:220 - loadIPPluginJar : add extmemmanager
2025-04-18 15:57:35,103 [INFO] IPUIPlugin:80 - create IPUIPlugin
2025-04-18 15:57:35,103 [INFO] PluginManager:220 - loadIPPluginJar : add fatfs
2025-04-18 15:57:35,112 [INFO] IPUIPlugin:80 - create IPUIPlugin
2025-04-18 15:57:35,112 [INFO] PluginManager:220 - loadIPPluginJar : add fmc
2025-04-18 15:57:35,122 [INFO] IPUIPlugin:80 - create IPUIPlugin
2025-04-18 15:57:35,124 [INFO] PluginManager:220 - loadIPPluginJar : add freertos
2025-04-18 15:57:35,127 [INFO] IPUIPlugin:80 - create IPUIPlugin
2025-04-18 15:57:35,127 [INFO] PluginManager:220 - loadIPPluginJar : add genericplugin
2025-04-18 15:57:35,131 [INFO] IPUIPlugin:80 - create IPUIPlugin
2025-04-18 15:57:35,132 [INFO] PluginManager:220 - loadIPPluginJar : add gfxmmu
2025-04-18 15:57:35,141 [INFO] IPUIPlugin:80 - create IPUIPlugin
2025-04-18 15:57:35,141 [INFO] PluginManager:220 - loadIPPluginJar : add gic
2025-04-18 15:57:35,147 [INFO] IPUIPlugin:80 - create IPUIPlugin
2025-04-18 15:57:35,147 [INFO] PluginManager:220 - loadIPPluginJar : add gpio
2025-04-18 15:57:35,152 [INFO] IPUIPlugin:80 - create IPUIPlugin
2025-04-18 15:57:35,152 [INFO] PluginManager:220 - loadIPPluginJar : add gtzc
2025-04-18 15:57:35,157 [INFO] IPUIPlugin:80 - create IPUIPlugin
2025-04-18 15:57:35,157 [INFO] PluginManager:220 - loadIPPluginJar : add hash
2025-04-18 15:57:35,162 [INFO] IPUIPlugin:80 - create IPUIPlugin
2025-04-18 15:57:35,162 [INFO] PluginManager:220 - loadIPPluginJar : add i2c
2025-04-18 15:57:35,167 [INFO] IPUIPlugin:80 - create IPUIPlugin
2025-04-18 15:57:35,169 [INFO] PluginManager:220 - loadIPPluginJar : add i2s
2025-04-18 15:57:35,173 [INFO] IPUIPlugin:80 - create IPUIPlugin
2025-04-18 15:57:35,173 [INFO] PluginManager:220 - loadIPPluginJar : add i3c
2025-04-18 15:57:35,180 [INFO] IPUIPlugin:80 - create IPUIPlugin
2025-04-18 15:57:35,180 [INFO] PluginManager:220 - loadIPPluginJar : add ipddr
2025-04-18 15:57:35,190 [INFO] IPUIPlugin:80 - create IPUIPlugin
2025-04-18 15:57:35,191 [INFO] PluginManager:220 - loadIPPluginJar : add linkedlist
2025-04-18 15:57:35,196 [INFO] IPUIPlugin:80 - create IPUIPlugin
2025-04-18 15:57:35,197 [INFO] PluginManager:220 - loadIPPluginJar : add lorawan
2025-04-18 15:57:35,200 [INFO] IPUIPlugin:80 - create IPUIPlugin
2025-04-18 15:57:35,200 [INFO] PluginManager:220 - loadIPPluginJar : add ltdc
2025-04-18 15:57:35,210 [INFO] IPUIPlugin:80 - create IPUIPlugin
2025-04-18 15:57:35,211 [INFO] PluginManager:220 - loadIPPluginJar : add mdma
2025-04-18 15:57:35,216 [INFO] IPUIPlugin:80 - create IPUIPlugin
2025-04-18 15:57:35,216 [INFO] PluginManager:220 - loadIPPluginJar : add nvic
2025-04-18 15:57:35,221 [INFO] IPUIPlugin:80 - create IPUIPlugin
2025-04-18 15:57:35,221 [INFO] PluginManager:220 - loadIPPluginJar : add opamp
2025-04-18 15:57:35,227 [INFO] IPUIPlugin:80 - create IPUIPlugin
2025-04-18 15:57:35,228 [INFO] PluginManager:220 - loadIPPluginJar : add openamp
2025-04-18 15:57:35,233 [INFO] IPUIPlugin:80 - create IPUIPlugin
2025-04-18 15:57:35,234 [INFO] PluginManager:220 - loadIPPluginJar : add pdm2pcm
2025-04-18 15:57:35,244 [INFO] IPUIPlugin:80 - create IPUIPlugin
2025-04-18 15:57:35,250 [INFO] PluginManager:220 - loadIPPluginJar : add plateformsettings
2025-04-18 15:57:35,253 [INFO] IPUIPlugin:80 - create IPUIPlugin
2025-04-18 15:57:35,253 [INFO] PluginManager:220 - loadIPPluginJar : add quadspi
2025-04-18 15:57:35,257 [INFO] IPUIPlugin:80 - create IPUIPlugin
2025-04-18 15:57:35,259 [INFO] PluginManager:220 - loadIPPluginJar : add radio
2025-04-18 15:57:35,265 [INFO] IPUIPlugin:80 - create IPUIPlugin
2025-04-18 15:57:35,265 [INFO] PluginManager:220 - loadIPPluginJar : add resmgrutility
2025-04-18 15:57:35,271 [INFO] IPUIPlugin:80 - create IPUIPlugin
2025-04-18 15:57:35,271 [INFO] PluginManager:220 - loadIPPluginJar : add sai
2025-04-18 15:57:35,276 [INFO] IPUIPlugin:80 - create IPUIPlugin
2025-04-18 15:57:35,277 [INFO] PluginManager:220 - loadIPPluginJar : add spi
2025-04-18 15:57:35,286 [INFO] IPUIPlugin:80 - create IPUIPlugin
2025-04-18 15:57:35,286 [INFO] PluginManager:220 - loadIPPluginJar : add stm32_wpan
2025-04-18 15:57:35,289 [INFO] IPUIPlugin:80 - create IPUIPlugin
2025-04-18 15:57:35,289 [INFO] PluginManager:220 - loadIPPluginJar : add tim
2025-04-18 15:57:35,294 [INFO] IPUIPlugin:80 - create IPUIPlugin
2025-04-18 15:57:35,294 [INFO] PluginManager:220 - loadIPPluginJar : add touchsensing
2025-04-18 15:57:35,297 [INFO] IPUIPlugin:80 - create IPUIPlugin
2025-04-18 15:57:35,297 [INFO] PluginManager:220 - loadIPPluginJar : add tracer_emb
2025-04-18 15:57:35,300 [INFO] IPUIPlugin:80 - create IPUIPlugin
2025-04-18 15:57:35,300 [INFO] PluginManager:220 - loadIPPluginJar : add ts
2025-04-18 15:57:35,302 [INFO] IPUIPlugin:80 - create IPUIPlugin
2025-04-18 15:57:35,304 [INFO] PluginManager:220 - loadIPPluginJar : add tsc
2025-04-18 15:57:35,307 [INFO] IPUIPlugin:80 - create IPUIPlugin
2025-04-18 15:57:35,307 [INFO] PluginManager:220 - loadIPPluginJar : add ucpd
2025-04-18 15:57:35,312 [INFO] IPUIPlugin:80 - create IPUIPlugin
2025-04-18 15:57:35,312 [INFO] PluginManager:220 - loadIPPluginJar : add usart
2025-04-18 15:57:35,318 [INFO] IPUIPlugin:80 - create IPUIPlugin
2025-04-18 15:57:35,318 [INFO] PluginManager:220 - loadIPPluginJar : add usbx
2025-04-18 15:57:35,543 [FATAL] Updater:351 - Updater called before beeing initialized
2025-04-18 15:57:35,638 [INFO] RulesReader:64 - Compatibility file has been processed (297 Rules)
2025-04-18 15:57:35,668 [INFO] RulesReader:64 - Compatibility file has been processed (297 Rules)
2025-04-18 15:57:35,685 [INFO] CADModel:165 - CPN selected for project level
2025-04-18 15:57:35,685 [INFO] CADModel:114 - Register for checkConnection events
2025-04-18 15:57:35,685 [FATAL] Updater:351 - Updater called before beeing initialized
2025-04-18 15:57:35,686 [ERROR] CADModel:125 - Updater not yet initialized, retry later 
2025-04-18 15:57:35,980 [FATAL] Updater:351 - Updater called before beeing initialized
2025-04-18 15:57:35,983 [INFO] CADModel:165 - CPN selected for project level
2025-04-18 15:57:35,983 [INFO] CADModel:114 - Register for checkConnection events
2025-04-18 15:57:35,983 [FATAL] Updater:351 - Updater called before beeing initialized
2025-04-18 15:57:35,983 [ERROR] CADModel:125 - Updater not yet initialized, retry later 
2025-04-18 15:57:35,989 [FATAL] Updater:351 - Updater called before beeing initialized
2025-04-18 15:57:36,178 [FATAL] Updater:351 - Updater called before beeing initialized
2025-04-18 15:57:36,187 [INFO] DbMcusAds:53 - JSON generation date=Thu Mar 06 15:54:21 CET 2025 (1741272861825)
2025-04-18 15:57:36,187 [FATAL] Updater:351 - Updater called before beeing initialized
2025-04-18 15:57:36,250 [WARN] DetailPanel:346 - Failed to get advertising image, set to default
2025-04-18 15:57:36,639 [FATAL] Updater:351 - Updater called before beeing initialized
2025-04-18 15:57:36,641 [FATAL] Updater:351 - Updater called before beeing initialized
2025-04-18 15:57:36,641 [FATAL] Updater:351 - Updater called before beeing initialized
2025-04-18 15:57:36,641 [WARN] DetailPanel:346 - Failed to get advertising image, set to default
2025-04-18 15:57:36,643 [FATAL] Updater:351 - Updater called before beeing initialized
2025-04-18 15:57:36,712 [ERROR] Updater:1198 - MainUpdater not yet initialized. External WinMGr cannot be set.
2025-04-18 15:57:36,716 [INFO] Updater:1134 - Updater Version found : 6.13.0
2025-04-18 15:57:36,734 [INFO] ApplicationProperties:184 - Using Application install path: C:\ST\STM32CubeIDE_1.17.0\STM32CubeIDE\plugins\com.st.stm32cube.common.mx_6.13.0.202411220809
2025-04-18 15:57:37,027 [INFO] ThirdPartyUpdaterWithRetryManager:70 - Updater plugin not ready yet. [2/15]
2025-04-18 15:57:38,354 [ERROR] LogOutputStream:75 - [STDERR_REDIRECT] Apr 18, 2025 3:57:38 PM java.util.prefs.WindowsPreferences <init>
2025-04-18 15:57:38,358 [ERROR] LogOutputStream:75 - [STDERR_REDIRECT] WARNING: Could not open/create prefs root node Software\JavaSoft\Prefs at root 0xffffffff80000002. Windows RegCreateKeyEx(...) returned error code 5.
2025-04-18 15:57:38,359 [ERROR] LogOutputStream:75 - [STDERR_REDIRECT] 
2025-04-18 15:57:38,631 [INFO] MainUpdater:2872 - connection check result : 10
2025-04-18 15:57:38,631 [INFO] MainUpdater:289 - Updater Check For Update Now.
2025-04-18 15:57:38,633 [INFO] MicroXplorer:498 - Change Database Version : DB.6.0.130
2025-04-18 15:57:38,640 [INFO] McuFinderGlobals:63 - Set McuFinder mode to 2 (CubeIDE integrated)
2025-04-18 15:57:38,640 [INFO] UserAuth:171 - activating auth plugin
2025-04-18 15:57:38,644 [INFO] UserAuth:486 - Internet connection configuration mode: 1
2025-04-18 15:57:38,662 [INFO] JxBrowserEngine:152 - Initiate JxBrowser Engine with user profile folder
2025-04-18 15:57:38,852 [INFO] CheckServerUpdateThread:120 - End of CheckServer Thread
2025-04-18 15:57:39,662 [INFO] WebApp:168 - Instantiating new browser for Auth
2025-04-18 15:57:41,553 [WARN] PackLoader:240 - Cannot read IP mode file for STMicroelectronics.FP-SNS-MOTENVWB1.1.4.0
2025-04-18 15:57:41,653 [WARN] PackLoader:240 - Cannot read IP mode file for STMicroelectronics.FP-ATR-ASTRA1.2.0.2
2025-04-18 15:57:41,676 [WARN] PackLoader:240 - Cannot read IP mode file for STMicroelectronics.FP-ATR-ASTRA1.2.0.1
2025-04-18 15:57:41,748 [WARN] PackLoader:240 - Cannot read IP mode file for STMicroelectronics.X-CUBE-SMBUS.2.1.0
2025-04-18 15:57:41,962 [WARN] PackLoader:240 - Cannot read IP mode file for STMicroelectronics.X-CUBE-WB05N.1.1.0
2025-04-18 15:57:42,050 [INFO] WebApp:449 - Apply proxy settings
2025-04-18 15:57:42,050 [INFO] WebApp:534 - Chromium requires no authentication
2025-04-18 15:57:42,074 [INFO] WebApp:477 - Direct internet connection detected
2025-04-18 15:57:42,140 [INFO] WebApp:880 - Register for checkConnection events
2025-04-18 15:57:42,141 [INFO] WebApp:449 - Apply proxy settings
2025-04-18 15:57:42,141 [INFO] WebApp:534 - Chromium requires no authentication
2025-04-18 15:57:42,146 [INFO] WebApp:477 - Direct internet connection detected
2025-04-18 15:57:42,176 [WARN] PackLoader:240 - Cannot read IP mode file for STMicroelectronics.X-CUBE-AZRTOS-F7.1.1.0
2025-04-18 15:57:42,436 [ERROR] LogOutputStream:75 - [STDERR_REDIRECT] 
2025-04-18 15:57:42,446 [ERROR] LogOutputStream:75 - [STDERR_REDIRECT] 
