21:12:13 **** Incremental Build of configuration Debug for project PM4_Firmware ****
make -j16 all 
arm-none-eabi-gcc "../Middlewares/Third_Party/ARM_CMSIS/CMSIS/DSP/Source/TransformFunctions/TransformFunctions.c" -mcpu=cortex-m4 -std=gnu11 -g3 -DDEBUG -DUSE_HAL_DRIVER -DSTM32F429xx -c -I../Core/Inc -I../Drivers/STM32F4xx_HAL_Driver/Inc -I../Drivers/STM32F4xx_HAL_Driver/Inc/Legacy -I../Drivers/CMSIS/Device/ST/STM32F4xx/Include -I../Drivers/CMSIS/Include -I../Middlewares/ST/touchgfx/framework/include -I../TouchGFX/generated/fonts/include -I../TouchGFX/generated/gui_generated/include -I../TouchGFX/generated/images/include -I../TouchGFX/generated/texts/include -I../TouchGFX/generated/videos/include -I../TouchGFX/gui/include -I../TouchGFX/App -I../TouchGFX/target/generated -I../TouchGFX/target -I../Middlewares/Third_Party/FreeRTOS/Source/include -I../Middlewares/Third_Party/FreeRTOS/Source/CMSIS_RTOS_V2 -I../Middlewares/Third_Party/FreeRTOS/Source/portable/GCC/ARM_CM4F -O0 -ffunction-sections -fdata-sections -Wall -fstack-usage -fcyclomatic-complexity -MMD -MP -MF"Middlewares/Third_Party/ARM_CMSIS/CMSIS/DSP/Source/TransformFunctions/TransformFunctions.d" -MT"Middlewares/Third_Party/ARM_CMSIS/CMSIS/DSP/Source/TransformFunctions/TransformFunctions.o" --specs=nano.specs -mfpu=fpv4-sp-d16 -mfloat-abi=hard -mthumb -o "Middlewares/Third_Party/ARM_CMSIS/CMSIS/DSP/Source/TransformFunctions/TransformFunctions.o"
arm-none-eabi-gcc "../Middlewares/Third_Party/ARM_CMSIS/CMSIS/DSP/Source/TransformFunctions/TransformFunctionsF16.c" -mcpu=cortex-m4 -std=gnu11 -g3 -DDEBUG -DUSE_HAL_DRIVER -DSTM32F429xx -c -I../Core/Inc -I../Drivers/STM32F4xx_HAL_Driver/Inc -I../Drivers/STM32F4xx_HAL_Driver/Inc/Legacy -I../Drivers/CMSIS/Device/ST/STM32F4xx/Include -I../Drivers/CMSIS/Include -I../Middlewares/ST/touchgfx/framework/include -I../TouchGFX/generated/fonts/include -I../TouchGFX/generated/gui_generated/include -I../TouchGFX/generated/images/include -I../TouchGFX/generated/texts/include -I../TouchGFX/generated/videos/include -I../TouchGFX/gui/include -I../TouchGFX/App -I../TouchGFX/target/generated -I../TouchGFX/target -I../Middlewares/Third_Party/FreeRTOS/Source/include -I../Middlewares/Third_Party/FreeRTOS/Source/CMSIS_RTOS_V2 -I../Middlewares/Third_Party/FreeRTOS/Source/portable/GCC/ARM_CM4F -O0 -ffunction-sections -fdata-sections -Wall -fstack-usage -fcyclomatic-complexity -MMD -MP -MF"Middlewares/Third_Party/ARM_CMSIS/CMSIS/DSP/Source/TransformFunctions/TransformFunctionsF16.d" -MT"Middlewares/Third_Party/ARM_CMSIS/CMSIS/DSP/Source/TransformFunctions/TransformFunctionsF16.o" --specs=nano.specs -mfpu=fpv4-sp-d16 -mfloat-abi=hard -mthumb -o "Middlewares/Third_Party/ARM_CMSIS/CMSIS/DSP/Source/TransformFunctions/TransformFunctionsF16.o"
arm-none-eabi-gcc "../Middlewares/Third_Party/ARM_CMSIS/CMSIS/DSP/Source/SupportFunctions/SupportFunctions.c" -mcpu=cortex-m4 -std=gnu11 -g3 -DDEBUG -DUSE_HAL_DRIVER -DSTM32F429xx -c -I../Core/Inc -I../Drivers/STM32F4xx_HAL_Driver/Inc -I../Drivers/STM32F4xx_HAL_Driver/Inc/Legacy -I../Drivers/CMSIS/Device/ST/STM32F4xx/Include -I../Drivers/CMSIS/Include -I../Middlewares/ST/touchgfx/framework/include -I../TouchGFX/generated/fonts/include -I../TouchGFX/generated/gui_generated/include -I../TouchGFX/generated/images/include -I../TouchGFX/generated/texts/include -I../TouchGFX/generated/videos/include -I../TouchGFX/gui/include -I../TouchGFX/App -I../TouchGFX/target/generated -I../TouchGFX/target -I../Middlewares/Third_Party/FreeRTOS/Source/include -I../Middlewares/Third_Party/FreeRTOS/Source/CMSIS_RTOS_V2 -I../Middlewares/Third_Party/FreeRTOS/Source/portable/GCC/ARM_CM4F -O0 -ffunction-sections -fdata-sections -Wall -fstack-usage -fcyclomatic-complexity -MMD -MP -MF"Middlewares/Third_Party/ARM_CMSIS/CMSIS/DSP/Source/SupportFunctions/SupportFunctions.d" -MT"Middlewares/Third_Party/ARM_CMSIS/CMSIS/DSP/Source/SupportFunctions/SupportFunctions.o" --specs=nano.specs -mfpu=fpv4-sp-d16 -mfloat-abi=hard -mthumb -o "Middlewares/Third_Party/ARM_CMSIS/CMSIS/DSP/Source/SupportFunctions/SupportFunctions.o"
arm-none-eabi-gcc "../Middlewares/Third_Party/ARM_CMSIS/CMSIS/DSP/Source/SupportFunctions/SupportFunctionsF16.c" -mcpu=cortex-m4 -std=gnu11 -g3 -DDEBUG -DUSE_HAL_DRIVER -DSTM32F429xx -c -I../Core/Inc -I../Drivers/STM32F4xx_HAL_Driver/Inc -I../Drivers/STM32F4xx_HAL_Driver/Inc/Legacy -I../Drivers/CMSIS/Device/ST/STM32F4xx/Include -I../Drivers/CMSIS/Include -I../Middlewares/ST/touchgfx/framework/include -I../TouchGFX/generated/fonts/include -I../TouchGFX/generated/gui_generated/include -I../TouchGFX/generated/images/include -I../TouchGFX/generated/texts/include -I../TouchGFX/generated/videos/include -I../TouchGFX/gui/include -I../TouchGFX/App -I../TouchGFX/target/generated -I../TouchGFX/target -I../Middlewares/Third_Party/FreeRTOS/Source/include -I../Middlewares/Third_Party/FreeRTOS/Source/CMSIS_RTOS_V2 -I../Middlewares/Third_Party/FreeRTOS/Source/portable/GCC/ARM_CM4F -O0 -ffunction-sections -fdata-sections -Wall -fstack-usage -fcyclomatic-complexity -MMD -MP -MF"Middlewares/Third_Party/ARM_CMSIS/CMSIS/DSP/Source/SupportFunctions/SupportFunctionsF16.d" -MT"Middlewares/Third_Party/ARM_CMSIS/CMSIS/DSP/Source/SupportFunctions/SupportFunctionsF16.o" --specs=nano.specs -mfpu=fpv4-sp-d16 -mfloat-abi=hard -mthumb -o "Middlewares/Third_Party/ARM_CMSIS/CMSIS/DSP/Source/SupportFunctions/SupportFunctionsF16.o"
arm-none-eabi-gcc "../Middlewares/Third_Party/ARM_CMSIS/CMSIS/DSP/Source/StatisticsFunctions/StatisticsFunctions.c" -mcpu=cortex-m4 -std=gnu11 -g3 -DDEBUG -DUSE_HAL_DRIVER -DSTM32F429xx -c -I../Core/Inc -I../Drivers/STM32F4xx_HAL_Driver/Inc -I../Drivers/STM32F4xx_HAL_Driver/Inc/Legacy -I../Drivers/CMSIS/Device/ST/STM32F4xx/Include -I../Drivers/CMSIS/Include -I../Middlewares/ST/touchgfx/framework/include -I../TouchGFX/generated/fonts/include -I../TouchGFX/generated/gui_generated/include -I../TouchGFX/generated/images/include -I../TouchGFX/generated/texts/include -I../TouchGFX/generated/videos/include -I../TouchGFX/gui/include -I../TouchGFX/App -I../TouchGFX/target/generated -I../TouchGFX/target -I../Middlewares/Third_Party/FreeRTOS/Source/include -I../Middlewares/Third_Party/FreeRTOS/Source/CMSIS_RTOS_V2 -I../Middlewares/Third_Party/FreeRTOS/Source/portable/GCC/ARM_CM4F -O0 -ffunction-sections -fdata-sections -Wall -fstack-usage -fcyclomatic-complexity -MMD -MP -MF"Middlewares/Third_Party/ARM_CMSIS/CMSIS/DSP/Source/StatisticsFunctions/StatisticsFunctions.d" -MT"Middlewares/Third_Party/ARM_CMSIS/CMSIS/DSP/Source/StatisticsFunctions/StatisticsFunctions.o" --specs=nano.specs -mfpu=fpv4-sp-d16 -mfloat-abi=hard -mthumb -o "Middlewares/Third_Party/ARM_CMSIS/CMSIS/DSP/Source/StatisticsFunctions/StatisticsFunctions.o"
arm-none-eabi-gcc "../Middlewares/Third_Party/ARM_CMSIS/CMSIS/DSP/Source/StatisticsFunctions/StatisticsFunctionsF16.c" -mcpu=cortex-m4 -std=gnu11 -g3 -DDEBUG -DUSE_HAL_DRIVER -DSTM32F429xx -c -I../Core/Inc -I../Drivers/STM32F4xx_HAL_Driver/Inc -I../Drivers/STM32F4xx_HAL_Driver/Inc/Legacy -I../Drivers/CMSIS/Device/ST/STM32F4xx/Include -I../Drivers/CMSIS/Include -I../Middlewares/ST/touchgfx/framework/include -I../TouchGFX/generated/fonts/include -I../TouchGFX/generated/gui_generated/include -I../TouchGFX/generated/images/include -I../TouchGFX/generated/texts/include -I../TouchGFX/generated/videos/include -I../TouchGFX/gui/include -I../TouchGFX/App -I../TouchGFX/target/generated -I../TouchGFX/target -I../Middlewares/Third_Party/FreeRTOS/Source/include -I../Middlewares/Third_Party/FreeRTOS/Source/CMSIS_RTOS_V2 -I../Middlewares/Third_Party/FreeRTOS/Source/portable/GCC/ARM_CM4F -O0 -ffunction-sections -fdata-sections -Wall -fstack-usage -fcyclomatic-complexity -MMD -MP -MF"Middlewares/Third_Party/ARM_CMSIS/CMSIS/DSP/Source/StatisticsFunctions/StatisticsFunctionsF16.d" -MT"Middlewares/Third_Party/ARM_CMSIS/CMSIS/DSP/Source/StatisticsFunctions/StatisticsFunctionsF16.o" --specs=nano.specs -mfpu=fpv4-sp-d16 -mfloat-abi=hard -mthumb -o "Middlewares/Third_Party/ARM_CMSIS/CMSIS/DSP/Source/StatisticsFunctions/StatisticsFunctionsF16.o"
arm-none-eabi-gcc "../Middlewares/Third_Party/ARM_CMSIS/CMSIS/DSP/Source/SVMFunctions/SVMFunctions.c" -mcpu=cortex-m4 -std=gnu11 -g3 -DDEBUG -DUSE_HAL_DRIVER -DSTM32F429xx -c -I../Core/Inc -I../Drivers/STM32F4xx_HAL_Driver/Inc -I../Drivers/STM32F4xx_HAL_Driver/Inc/Legacy -I../Drivers/CMSIS/Device/ST/STM32F4xx/Include -I../Drivers/CMSIS/Include -I../Middlewares/ST/touchgfx/framework/include -I../TouchGFX/generated/fonts/include -I../TouchGFX/generated/gui_generated/include -I../TouchGFX/generated/images/include -I../TouchGFX/generated/texts/include -I../TouchGFX/generated/videos/include -I../TouchGFX/gui/include -I../TouchGFX/App -I../TouchGFX/target/generated -I../TouchGFX/target -I../Middlewares/Third_Party/FreeRTOS/Source/include -I../Middlewares/Third_Party/FreeRTOS/Source/CMSIS_RTOS_V2 -I../Middlewares/Third_Party/FreeRTOS/Source/portable/GCC/ARM_CM4F -O0 -ffunction-sections -fdata-sections -Wall -fstack-usage -fcyclomatic-complexity -MMD -MP -MF"Middlewares/Third_Party/ARM_CMSIS/CMSIS/DSP/Source/SVMFunctions/SVMFunctions.d" -MT"Middlewares/Third_Party/ARM_CMSIS/CMSIS/DSP/Source/SVMFunctions/SVMFunctions.o" --specs=nano.specs -mfpu=fpv4-sp-d16 -mfloat-abi=hard -mthumb -o "Middlewares/Third_Party/ARM_CMSIS/CMSIS/DSP/Source/SVMFunctions/SVMFunctions.o"
arm-none-eabi-gcc "../Middlewares/Third_Party/ARM_CMSIS/CMSIS/DSP/Source/SVMFunctions/SVMFunctionsF16.c" -mcpu=cortex-m4 -std=gnu11 -g3 -DDEBUG -DUSE_HAL_DRIVER -DSTM32F429xx -c -I../Core/Inc -I../Drivers/STM32F4xx_HAL_Driver/Inc -I../Drivers/STM32F4xx_HAL_Driver/Inc/Legacy -I../Drivers/CMSIS/Device/ST/STM32F4xx/Include -I../Drivers/CMSIS/Include -I../Middlewares/ST/touchgfx/framework/include -I../TouchGFX/generated/fonts/include -I../TouchGFX/generated/gui_generated/include -I../TouchGFX/generated/images/include -I../TouchGFX/generated/texts/include -I../TouchGFX/generated/videos/include -I../TouchGFX/gui/include -I../TouchGFX/App -I../TouchGFX/target/generated -I../TouchGFX/target -I../Middlewares/Third_Party/FreeRTOS/Source/include -I../Middlewares/Third_Party/FreeRTOS/Source/CMSIS_RTOS_V2 -I../Middlewares/Third_Party/FreeRTOS/Source/portable/GCC/ARM_CM4F -O0 -ffunction-sections -fdata-sections -Wall -fstack-usage -fcyclomatic-complexity -MMD -MP -MF"Middlewares/Third_Party/ARM_CMSIS/CMSIS/DSP/Source/SVMFunctions/SVMFunctionsF16.d" -MT"Middlewares/Third_Party/ARM_CMSIS/CMSIS/DSP/Source/SVMFunctions/SVMFunctionsF16.o" --specs=nano.specs -mfpu=fpv4-sp-d16 -mfloat-abi=hard -mthumb -o "Middlewares/Third_Party/ARM_CMSIS/CMSIS/DSP/Source/SVMFunctions/SVMFunctionsF16.o"
arm-none-eabi-gcc "../Middlewares/Third_Party/ARM_CMSIS/CMSIS/DSP/Source/QuaternionMathFunctions/QuaternionMathFunctions.c" -mcpu=cortex-m4 -std=gnu11 -g3 -DDEBUG -DUSE_HAL_DRIVER -DSTM32F429xx -c -I../Core/Inc -I../Drivers/STM32F4xx_HAL_Driver/Inc -I../Drivers/STM32F4xx_HAL_Driver/Inc/Legacy -I../Drivers/CMSIS/Device/ST/STM32F4xx/Include -I../Drivers/CMSIS/Include -I../Middlewares/ST/touchgfx/framework/include -I../TouchGFX/generated/fonts/include -I../TouchGFX/generated/gui_generated/include -I../TouchGFX/generated/images/include -I../TouchGFX/generated/texts/include -I../TouchGFX/generated/videos/include -I../TouchGFX/gui/include -I../TouchGFX/App -I../TouchGFX/target/generated -I../TouchGFX/target -I../Middlewares/Third_Party/FreeRTOS/Source/include -I../Middlewares/Third_Party/FreeRTOS/Source/CMSIS_RTOS_V2 -I../Middlewares/Third_Party/FreeRTOS/Source/portable/GCC/ARM_CM4F -O0 -ffunction-sections -fdata-sections -Wall -fstack-usage -fcyclomatic-complexity -MMD -MP -MF"Middlewares/Third_Party/ARM_CMSIS/CMSIS/DSP/Source/QuaternionMathFunctions/QuaternionMathFunctions.d" -MT"Middlewares/Third_Party/ARM_CMSIS/CMSIS/DSP/Source/QuaternionMathFunctions/QuaternionMathFunctions.o" --specs=nano.specs -mfpu=fpv4-sp-d16 -mfloat-abi=hard -mthumb -o "Middlewares/Third_Party/ARM_CMSIS/CMSIS/DSP/Source/QuaternionMathFunctions/QuaternionMathFunctions.o"
arm-none-eabi-gcc "../Middlewares/Third_Party/ARM_CMSIS/CMSIS/DSP/Source/MatrixFunctions/MatrixFunctions.c" -mcpu=cortex-m4 -std=gnu11 -g3 -DDEBUG -DUSE_HAL_DRIVER -DSTM32F429xx -c -I../Core/Inc -I../Drivers/STM32F4xx_HAL_Driver/Inc -I../Drivers/STM32F4xx_HAL_Driver/Inc/Legacy -I../Drivers/CMSIS/Device/ST/STM32F4xx/Include -I../Drivers/CMSIS/Include -I../Middlewares/ST/touchgfx/framework/include -I../TouchGFX/generated/fonts/include -I../TouchGFX/generated/gui_generated/include -I../TouchGFX/generated/images/include -I../TouchGFX/generated/texts/include -I../TouchGFX/generated/videos/include -I../TouchGFX/gui/include -I../TouchGFX/App -I../TouchGFX/target/generated -I../TouchGFX/target -I../Middlewares/Third_Party/FreeRTOS/Source/include -I../Middlewares/Third_Party/FreeRTOS/Source/CMSIS_RTOS_V2 -I../Middlewares/Third_Party/FreeRTOS/Source/portable/GCC/ARM_CM4F -O0 -ffunction-sections -fdata-sections -Wall -fstack-usage -fcyclomatic-complexity -MMD -MP -MF"Middlewares/Third_Party/ARM_CMSIS/CMSIS/DSP/Source/MatrixFunctions/MatrixFunctions.d" -MT"Middlewares/Third_Party/ARM_CMSIS/CMSIS/DSP/Source/MatrixFunctions/MatrixFunctions.o" --specs=nano.specs -mfpu=fpv4-sp-d16 -mfloat-abi=hard -mthumb -o "Middlewares/Third_Party/ARM_CMSIS/CMSIS/DSP/Source/MatrixFunctions/MatrixFunctions.o"
../Middlewares/Third_Party/ARM_CMSIS/CMSIS/DSP/Source/TransformFunctions/TransformFunctionsF16.c:29:10: fatal error: arm_cfft_f16.c: No such file or directory
   29 | #include "arm_cfft_f16.c"
      |          ^~~~~~~~~~~~~~~~
compilation terminated.
../Middlewares/Third_Party/ARM_CMSIS/CMSIS/DSP/Source/TransformFunctions/TransformFunctions.c:29:10: fatal error: arm_bitreversal.c: No such file or directory
arm-none-eabi-gcc "../Middlewares/Third_Party/ARM_CMSIS/CMSIS/DSP/Source/MatrixFunctions/MatrixFunctionsF16.c" -mcpu=cortex-m4 -std=gnu11 -g3 -DDEBUG -DUSE_HAL_DRIVER -DSTM32F429xx -c -I../Core/Inc -I../Drivers/STM32F4xx_HAL_Driver/Inc -I../Drivers/STM32F4xx_HAL_Driver/Inc/Legacy -I../Drivers/CMSIS/Device/ST/STM32F4xx/Include -I../Drivers/CMSIS/Include -I../Middlewares/ST/touchgfx/framework/include -I../TouchGFX/generated/fonts/include -I../TouchGFX/generated/gui_generated/include -I../TouchGFX/generated/images/include -I../TouchGFX/generated/texts/include -I../TouchGFX/generated/videos/include -I../TouchGFX/gui/include -I../TouchGFX/App -I../TouchGFX/target/generated -I../TouchGFX/target -I../Middlewares/Third_Party/FreeRTOS/Source/include -I../Middlewares/Third_Party/FreeRTOS/Source/CMSIS_RTOS_V2 -I../Middlewares/Third_Party/FreeRTOS/Source/portable/GCC/ARM_CM4F -O0 -ffunction-sections -fdata-sections -Wall -fstack-usage -fcyclomatic-complexity -MMD -MP -MF"Middlewares/Third_Party/ARM_CMSIS/CMSIS/DSP/Source/MatrixFunctions/MatrixFunctionsF16.d" -MT"Middlewares/Third_Party/ARM_CMSIS/CMSIS/DSP/Source/MatrixFunctions/MatrixFunctionsF16.o" --specs=nano.specs -mfpu=fpv4-sp-d16 -mfloat-abi=hard -mthumb -o "Middlewares/Third_Party/ARM_CMSIS/CMSIS/DSP/Source/MatrixFunctions/MatrixFunctionsF16.o"
   29 | #include "arm_bitreversal.c"
      |          ^~~~~~~~~~~~~~~~~~~
compilation terminated.
../Middlewares/Third_Party/ARM_CMSIS/CMSIS/DSP/Source/SupportFunctions/SupportFunctions.c:29:10: fatal error: arm_barycenter_f32.c: No such file or directory
   29 | #include "arm_barycenter_f32.c"
      |          ^~~~~~~~~~~~~~~~~~~~~~
compilation terminated.
arm-none-eabi-gcc "../Middlewares/Third_Party/ARM_CMSIS/CMSIS/DSP/Source/InterpolationFunctions/InterpolationFunctions.c" -mcpu=cortex-m4 -std=gnu11 -g3 -DDEBUG -DUSE_HAL_DRIVER -DSTM32F429xx -c -I../Core/Inc -I../Drivers/STM32F4xx_HAL_Driver/Inc -I../Drivers/STM32F4xx_HAL_Driver/Inc/Legacy -I../Drivers/CMSIS/Device/ST/STM32F4xx/Include -I../Drivers/CMSIS/Include -I../Middlewares/ST/touchgfx/framework/include -I../TouchGFX/generated/fonts/include -I../TouchGFX/generated/gui_generated/include -I../TouchGFX/generated/images/include -I../TouchGFX/generated/texts/include -I../TouchGFX/generated/videos/include -I../TouchGFX/gui/include -I../TouchGFX/App -I../TouchGFX/target/generated -I../TouchGFX/target -I../Middlewares/Third_Party/FreeRTOS/Source/include -I../Middlewares/Third_Party/FreeRTOS/Source/CMSIS_RTOS_V2 -I../Middlewares/Third_Party/FreeRTOS/Source/portable/GCC/ARM_CM4F -O0 -ffunction-sections -fdata-sections -Wall -fstack-usage -fcyclomatic-complexity -MMD -MP -MF"Middlewares/Third_Party/ARM_CMSIS/CMSIS/DSP/Source/InterpolationFunctions/InterpolationFunctions.d" -MT"Middlewares/Third_Party/ARM_CMSIS/CMSIS/DSP/Source/InterpolationFunctions/InterpolationFunctions.o" --specs=nano.specs -mfpu=fpv4-sp-d16 -mfloat-abi=hard -mthumb -o "Middlewares/Third_Party/ARM_CMSIS/CMSIS/DSP/Source/InterpolationFunctions/InterpolationFunctions.o"
make: *** [Middlewares/Third_Party/ARM_CMSIS/CMSIS/DSP/Source/TransformFunctions/subdir.mk:22: Middlewares/Third_Party/ARM_CMSIS/CMSIS/DSP/Source/TransformFunctions/TransformFunctions.o] Error 1
make: *** Waiting for unfinished jobs....
../Middlewares/Third_Party/ARM_CMSIS/CMSIS/DSP/Source/SupportFunctions/SupportFunctionsF16.c:29:10: fatal error: arm_copy_f16.c: No such file or directory
   29 | #include "arm_copy_f16.c"
      |          ^~~~~~~~~~~~~~~~
make: *** [Middlewares/Third_Party/ARM_CMSIS/CMSIS/DSP/Source/TransformFunctions/subdir.mk:22: Middlewares/Third_Party/ARM_CMSIS/CMSIS/DSP/Source/TransformFunctions/TransformFunctionsF16.o] Error 1
make: *** [Middlewares/Third_Party/ARM_CMSIS/CMSIS/DSP/Source/SupportFunctions/subdir.mk:22: Middlewares/Third_Party/ARM_CMSIS/CMSIS/DSP/Source/SupportFunctions/SupportFunctions.o] Error 1
compilation terminated.
../Middlewares/Third_Party/ARM_CMSIS/CMSIS/DSP/Source/StatisticsFunctions/StatisticsFunctions.c:29:10: fatal error: arm_entropy_f32.c: No such file or directory
   29 | #include "arm_entropy_f32.c"
      |          ^~~~~~~~~~~~~~~~~~~
compilation terminated.
make: *** [Middlewares/Third_Party/ARM_CMSIS/CMSIS/DSP/Source/SupportFunctions/subdir.mk:22: Middlewares/Third_Party/ARM_CMSIS/CMSIS/DSP/Source/SupportFunctions/SupportFunctionsF16.o] Error 1
make: *** [Middlewares/Third_Party/ARM_CMSIS/CMSIS/DSP/Source/StatisticsFunctions/subdir.mk:22: Middlewares/Third_Party/ARM_CMSIS/CMSIS/DSP/Source/StatisticsFunctions/StatisticsFunctions.o] Error 1
../Middlewares/Third_Party/ARM_CMSIS/CMSIS/DSP/Source/StatisticsFunctions/StatisticsFunctionsF16.c:29:10: fatal error: arm_max_f16.c: No such file or directory
   29 | #include "arm_max_f16.c"
      |          ^~~~~~~~~~~~~~~
compilation terminated.
make: *** [Middlewares/Third_Party/ARM_CMSIS/CMSIS/DSP/Source/StatisticsFunctions/subdir.mk:22: Middlewares/Third_Party/ARM_CMSIS/CMSIS/DSP/Source/StatisticsFunctions/StatisticsFunctionsF16.o] Error 1
../Middlewares/Third_Party/ARM_CMSIS/CMSIS/DSP/Source/SVMFunctions/SVMFunctions.c:29:10: fatal error: arm_svm_linear_init_f32.c: No such file or directory
   29 | #include "arm_svm_linear_init_f32.c"
      |          ^~~~~~~~~~~~~~~~~~~~~~~~~~~
compilation terminated.
../Middlewares/Third_Party/ARM_CMSIS/CMSIS/DSP/Source/SVMFunctions/SVMFunctionsF16.c:29:10: fatal error: arm_svm_linear_init_f16.c: No such file or directory
   29 | #include "arm_svm_linear_init_f16.c"
      |          ^~~~~~~~~~~~~~~~~~~~~~~~~~~
compilation terminated.
make: *** [Middlewares/Third_Party/ARM_CMSIS/CMSIS/DSP/Source/SVMFunctions/subdir.mk:22: Middlewares/Third_Party/ARM_CMSIS/CMSIS/DSP/Source/SVMFunctions/SVMFunctions.o] Error 1
make: *** [Middlewares/Third_Party/ARM_CMSIS/CMSIS/DSP/Source/SVMFunctions/subdir.mk:22: Middlewares/Third_Party/ARM_CMSIS/CMSIS/DSP/Source/SVMFunctions/SVMFunctionsF16.o] Error 1
../Middlewares/Third_Party/ARM_CMSIS/CMSIS/DSP/Source/QuaternionMathFunctions/QuaternionMathFunctions.c:27:10: fatal error: arm_quaternion_norm_f32.c: No such file or directory
   27 | #include "arm_quaternion_norm_f32.c"
      |          ^~~~~~~~~~~~~~~~~~~~~~~~~~~
compilation terminated.
../Middlewares/Third_Party/ARM_CMSIS/CMSIS/DSP/Source/MatrixFunctions/MatrixFunctions.c:29:10: fatal error: arm_mat_add_f32.c: No such file or directory
   29 | #include "arm_mat_add_f32.c"
      |          ^~~~~~~~~~~~~~~~~~~
compilation terminated.
make: *** [Middlewares/Third_Party/ARM_CMSIS/CMSIS/DSP/Source/QuaternionMathFunctions/subdir.mk:19: Middlewares/Third_Party/ARM_CMSIS/CMSIS/DSP/Source/QuaternionMathFunctions/QuaternionMathFunctions.o] Error 1
../Middlewares/Third_Party/ARM_CMSIS/CMSIS/DSP/Source/MatrixFunctions/MatrixFunctionsF16.c:29:10: fatal error: arm_mat_add_f16.c: No such file or directory
   29 | #include "arm_mat_add_f16.c"
      |          ^~~~~~~~~~~~~~~~~~~
make: *** [Middlewares/Third_Party/ARM_CMSIS/CMSIS/DSP/Source/MatrixFunctions/subdir.mk:22: Middlewares/Third_Party/ARM_CMSIS/CMSIS/DSP/Source/MatrixFunctions/MatrixFunctions.o] Error 1
compilation terminated.
../Middlewares/Third_Party/ARM_CMSIS/CMSIS/DSP/Source/InterpolationFunctions/InterpolationFunctions.c:29:10: fatal error: arm_bilinear_interp_f32.c: No such file or directory
   29 | #include "arm_bilinear_interp_f32.c"
      |          ^~~~~~~~~~~~~~~~~~~~~~~~~~~
compilation terminated.
make: *** [Middlewares/Third_Party/ARM_CMSIS/CMSIS/DSP/Source/MatrixFunctions/subdir.mk:22: Middlewares/Third_Party/ARM_CMSIS/CMSIS/DSP/Source/MatrixFunctions/MatrixFunctionsF16.o] Error 1
make: *** [Middlewares/Third_Party/ARM_CMSIS/CMSIS/DSP/Source/InterpolationFunctions/subdir.mk:22: Middlewares/Third_Party/ARM_CMSIS/CMSIS/DSP/Source/InterpolationFunctions/InterpolationFunctions.o] Error 1
"make -j16 all" terminated with exit code 2. Build might be incomplete.

21:12:16 Build Failed. 25 errors, 0 warnings. (took 2s.664ms)

